{"/Users/phebian/Personal/quick-credit/server/test/tests.js":{"path":"/Users/phebian/Personal/quick-credit/server/test/tests.js","statementMap":{"0":{"start":{"line":3,"column":14},"end":{"line":3,"column":55}},"1":{"start":{"line":5,"column":17},"end":{"line":5,"column":61}},"2":{"start":{"line":7,"column":13},"end":{"line":7,"column":56}},"3":{"start":{"line":9,"column":39},"end":{"line":9,"column":95}},"4":{"start":{"line":11,"column":77},"end":{"line":11,"column":175}},"5":{"start":{"line":11,"column":94},"end":{"line":11,"column":107}},"6":{"start":{"line":11,"column":121},"end":{"line":11,"column":131}},"7":{"start":{"line":11,"column":151},"end":{"line":11,"column":165}},"8":{"start":{"line":11,"column":166},"end":{"line":11,"column":173}},"9":{"start":{"line":11,"column":176},"end":{"line":11,"column":263}},"10":{"start":{"line":11,"column":193},"end":{"line":11,"column":208}},"11":{"start":{"line":11,"column":218},"end":{"line":11,"column":261}},"12":{"start":{"line":13,"column":33},"end":{"line":13,"column":387}},"13":{"start":{"line":13,"column":65},"end":{"line":13,"column":69}},"14":{"start":{"line":13,"column":78},"end":{"line":13,"column":87}},"15":{"start":{"line":13,"column":89},"end":{"line":13,"column":384}},"16":{"start":{"line":13,"column":147},"end":{"line":13,"column":167}},"17":{"start":{"line":13,"column":193},"end":{"line":13,"column":264}},"18":{"start":{"line":13,"column":290},"end":{"line":13,"column":360}},"19":{"start":{"line":13,"column":363},"end":{"line":13,"column":380}},"20":{"start":{"line":15,"column":0},"end":{"line":43,"column":3}},"21":{"start":{"line":16,"column":2},"end":{"line":42,"column":7}},"22":{"start":{"line":22,"column":4},"end":{"line":41,"column":16}},"23":{"start":{"line":23,"column":6},"end":{"line":40,"column":7}},"24":{"start":{"line":24,"column":8},"end":{"line":39,"column":9}},"25":{"start":{"line":26,"column":12},"end":{"line":26,"column":30}},"26":{"start":{"line":27,"column":12},"end":{"line":27,"column":74}},"27":{"start":{"line":30,"column":12},"end":{"line":30,"column":37}},"28":{"start":{"line":32,"column":12},"end":{"line":32,"column":79}},"29":{"start":{"line":34,"column":12},"end":{"line":34,"column":63}},"30":{"start":{"line":38,"column":12},"end":{"line":38,"column":35}},"31":{"start":{"line":44,"column":0},"end":{"line":136,"column":3}},"32":{"start":{"line":45,"column":2},"end":{"line":105,"column":7}},"33":{"start":{"line":52,"column":4},"end":{"line":104,"column":17}},"34":{"start":{"line":53,"column":6},"end":{"line":103,"column":7}},"35":{"start":{"line":54,"column":8},"end":{"line":102,"column":9}},"36":{"start":{"line":56,"column":12},"end":{"line":63,"column":14}},"37":{"start":{"line":64,"column":12},"end":{"line":64,"column":31}},"38":{"start":{"line":65,"column":12},"end":{"line":65,"column":102}},"39":{"start":{"line":68,"column":12},"end":{"line":68,"column":35}},"40":{"start":{"line":69,"column":12},"end":{"line":69,"column":30}},"41":{"start":{"line":70,"column":12},"end":{"line":70,"column":34}},"42":{"start":{"line":71,"column":12},"end":{"line":71,"column":77}},"43":{"start":{"line":73,"column":12},"end":{"line":73,"column":50}},"44":{"start":{"line":75,"column":12},"end":{"line":75,"column":75}},"45":{"start":{"line":77,"column":12},"end":{"line":77,"column":52}},"46":{"start":{"line":79,"column":12},"end":{"line":79,"column":58}},"47":{"start":{"line":81,"column":12},"end":{"line":81,"column":43}},"48":{"start":{"line":83,"column":12},"end":{"line":83,"column":49}},"49":{"start":{"line":85,"column":12},"end":{"line":85,"column":60}},"50":{"start":{"line":87,"column":12},"end":{"line":87,"column":76}},"51":{"start":{"line":89,"column":12},"end":{"line":89,"column":72}},"52":{"start":{"line":91,"column":12},"end":{"line":91,"column":70}},"53":{"start":{"line":93,"column":12},"end":{"line":93,"column":64}},"54":{"start":{"line":95,"column":12},"end":{"line":95,"column":68}},"55":{"start":{"line":97,"column":12},"end":{"line":97,"column":64}},"56":{"start":{"line":101,"column":12},"end":{"line":101,"column":36}},"57":{"start":{"line":106,"column":2},"end":{"line":135,"column":7}},"58":{"start":{"line":112,"column":4},"end":{"line":134,"column":17}},"59":{"start":{"line":113,"column":6},"end":{"line":133,"column":7}},"60":{"start":{"line":114,"column":8},"end":{"line":132,"column":9}},"61":{"start":{"line":116,"column":12},"end":{"line":116,"column":25}},"62":{"start":{"line":117,"column":12},"end":{"line":117,"column":31}},"63":{"start":{"line":118,"column":12},"end":{"line":118,"column":102}},"64":{"start":{"line":121,"column":12},"end":{"line":121,"column":38}},"65":{"start":{"line":123,"column":12},"end":{"line":123,"column":59}},"66":{"start":{"line":125,"column":12},"end":{"line":125,"column":67}},"67":{"start":{"line":127,"column":12},"end":{"line":127,"column":55}},"68":{"start":{"line":131,"column":12},"end":{"line":131,"column":36}},"69":{"start":{"line":137,"column":0},"end":{"line":256,"column":3}},"70":{"start":{"line":138,"column":2},"end":{"line":186,"column":7}},"71":{"start":{"line":145,"column":4},"end":{"line":185,"column":17}},"72":{"start":{"line":146,"column":6},"end":{"line":184,"column":7}},"73":{"start":{"line":147,"column":8},"end":{"line":183,"column":9}},"74":{"start":{"line":149,"column":12},"end":{"line":152,"column":14}},"75":{"start":{"line":153,"column":12},"end":{"line":153,"column":31}},"76":{"start":{"line":154,"column":12},"end":{"line":154,"column":102}},"77":{"start":{"line":157,"column":12},"end":{"line":157,"column":35}},"78":{"start":{"line":158,"column":12},"end":{"line":158,"column":30}},"79":{"start":{"line":159,"column":12},"end":{"line":159,"column":34}},"80":{"start":{"line":160,"column":12},"end":{"line":160,"column":77}},"81":{"start":{"line":162,"column":12},"end":{"line":162,"column":52}},"82":{"start":{"line":164,"column":12},"end":{"line":164,"column":73}},"83":{"start":{"line":166,"column":12},"end":{"line":166,"column":49}},"84":{"start":{"line":168,"column":12},"end":{"line":168,"column":64}},"85":{"start":{"line":170,"column":12},"end":{"line":170,"column":47}},"86":{"start":{"line":172,"column":12},"end":{"line":172,"column":43}},"87":{"start":{"line":174,"column":12},"end":{"line":174,"column":50}},"88":{"start":{"line":176,"column":12},"end":{"line":176,"column":49}},"89":{"start":{"line":178,"column":12},"end":{"line":178,"column":50}},"90":{"start":{"line":182,"column":12},"end":{"line":182,"column":36}},"91":{"start":{"line":187,"column":2},"end":{"line":219,"column":7}},"92":{"start":{"line":194,"column":4},"end":{"line":218,"column":17}},"93":{"start":{"line":195,"column":6},"end":{"line":217,"column":7}},"94":{"start":{"line":196,"column":8},"end":{"line":216,"column":9}},"95":{"start":{"line":198,"column":12},"end":{"line":198,"column":25}},"96":{"start":{"line":199,"column":12},"end":{"line":199,"column":31}},"97":{"start":{"line":200,"column":12},"end":{"line":200,"column":102}},"98":{"start":{"line":203,"column":12},"end":{"line":203,"column":35}},"99":{"start":{"line":204,"column":12},"end":{"line":204,"column":30}},"100":{"start":{"line":205,"column":12},"end":{"line":205,"column":34}},"101":{"start":{"line":207,"column":12},"end":{"line":207,"column":58}},"102":{"start":{"line":209,"column":12},"end":{"line":209,"column":46}},"103":{"start":{"line":211,"column":12},"end":{"line":211,"column":50}},"104":{"start":{"line":215,"column":12},"end":{"line":215,"column":36}},"105":{"start":{"line":220,"column":2},"end":{"line":255,"column":7}},"106":{"start":{"line":227,"column":4},"end":{"line":254,"column":17}},"107":{"start":{"line":228,"column":6},"end":{"line":253,"column":7}},"108":{"start":{"line":229,"column":8},"end":{"line":252,"column":9}},"109":{"start":{"line":231,"column":12},"end":{"line":234,"column":14}},"110":{"start":{"line":235,"column":12},"end":{"line":235,"column":31}},"111":{"start":{"line":236,"column":12},"end":{"line":236,"column":102}},"112":{"start":{"line":239,"column":12},"end":{"line":239,"column":36}},"113":{"start":{"line":240,"column":12},"end":{"line":240,"column":31}},"114":{"start":{"line":241,"column":12},"end":{"line":241,"column":35}},"115":{"start":{"line":243,"column":12},"end":{"line":243,"column":58}},"116":{"start":{"line":245,"column":12},"end":{"line":245,"column":123}},"117":{"start":{"line":247,"column":12},"end":{"line":247,"column":50}},"118":{"start":{"line":251,"column":12},"end":{"line":251,"column":36}},"119":{"start":{"line":257,"column":0},"end":{"line":290,"column":3}},"120":{"start":{"line":258,"column":2},"end":{"line":289,"column":7}},"121":{"start":{"line":265,"column":4},"end":{"line":288,"column":17}},"122":{"start":{"line":266,"column":6},"end":{"line":287,"column":7}},"123":{"start":{"line":267,"column":8},"end":{"line":286,"column":9}},"124":{"start":{"line":269,"column":12},"end":{"line":269,"column":31}},"125":{"start":{"line":270,"column":12},"end":{"line":270,"column":105}},"126":{"start":{"line":273,"column":12},"end":{"line":273,"column":36}},"127":{"start":{"line":274,"column":12},"end":{"line":274,"column":31}},"128":{"start":{"line":275,"column":12},"end":{"line":275,"column":35}},"129":{"start":{"line":277,"column":12},"end":{"line":277,"column":57}},"130":{"start":{"line":279,"column":12},"end":{"line":279,"column":45}},"131":{"start":{"line":281,"column":12},"end":{"line":281,"column":50}},"132":{"start":{"line":285,"column":12},"end":{"line":285,"column":36}},"133":{"start":{"line":291,"column":0},"end":{"line":433,"column":3}},"134":{"start":{"line":292,"column":2},"end":{"line":344,"column":7}},"135":{"start":{"line":299,"column":4},"end":{"line":343,"column":17}},"136":{"start":{"line":300,"column":6},"end":{"line":342,"column":7}},"137":{"start":{"line":301,"column":8},"end":{"line":341,"column":9}},"138":{"start":{"line":303,"column":12},"end":{"line":308,"column":14}},"139":{"start":{"line":309,"column":12},"end":{"line":309,"column":30}},"140":{"start":{"line":310,"column":12},"end":{"line":310,"column":31}},"141":{"start":{"line":311,"column":12},"end":{"line":311,"column":131}},"142":{"start":{"line":314,"column":12},"end":{"line":314,"column":36}},"143":{"start":{"line":315,"column":12},"end":{"line":315,"column":31}},"144":{"start":{"line":316,"column":12},"end":{"line":316,"column":35}},"145":{"start":{"line":318,"column":12},"end":{"line":318,"column":57}},"146":{"start":{"line":320,"column":12},"end":{"line":320,"column":45}},"147":{"start":{"line":322,"column":12},"end":{"line":322,"column":48}},"148":{"start":{"line":324,"column":12},"end":{"line":324,"column":52}},"149":{"start":{"line":326,"column":12},"end":{"line":326,"column":63}},"150":{"start":{"line":328,"column":12},"end":{"line":328,"column":79}},"151":{"start":{"line":330,"column":12},"end":{"line":330,"column":53}},"152":{"start":{"line":332,"column":12},"end":{"line":332,"column":55}},"153":{"start":{"line":334,"column":12},"end":{"line":334,"column":95}},"154":{"start":{"line":336,"column":12},"end":{"line":336,"column":50}},"155":{"start":{"line":340,"column":12},"end":{"line":340,"column":36}},"156":{"start":{"line":345,"column":2},"end":{"line":397,"column":7}},"157":{"start":{"line":352,"column":4},"end":{"line":396,"column":17}},"158":{"start":{"line":353,"column":6},"end":{"line":395,"column":7}},"159":{"start":{"line":354,"column":8},"end":{"line":394,"column":9}},"160":{"start":{"line":356,"column":12},"end":{"line":361,"column":14}},"161":{"start":{"line":362,"column":12},"end":{"line":362,"column":30}},"162":{"start":{"line":363,"column":12},"end":{"line":363,"column":31}},"163":{"start":{"line":364,"column":12},"end":{"line":364,"column":131}},"164":{"start":{"line":367,"column":12},"end":{"line":367,"column":36}},"165":{"start":{"line":368,"column":12},"end":{"line":368,"column":31}},"166":{"start":{"line":369,"column":12},"end":{"line":369,"column":35}},"167":{"start":{"line":371,"column":12},"end":{"line":371,"column":57}},"168":{"start":{"line":373,"column":12},"end":{"line":373,"column":45}},"169":{"start":{"line":375,"column":12},"end":{"line":375,"column":48}},"170":{"start":{"line":377,"column":12},"end":{"line":377,"column":52}},"171":{"start":{"line":379,"column":12},"end":{"line":379,"column":63}},"172":{"start":{"line":381,"column":12},"end":{"line":381,"column":79}},"173":{"start":{"line":383,"column":12},"end":{"line":383,"column":53}},"174":{"start":{"line":385,"column":12},"end":{"line":385,"column":55}},"175":{"start":{"line":387,"column":12},"end":{"line":387,"column":95}},"176":{"start":{"line":389,"column":12},"end":{"line":389,"column":50}},"177":{"start":{"line":393,"column":12},"end":{"line":393,"column":36}},"178":{"start":{"line":398,"column":2},"end":{"line":432,"column":7}},"179":{"start":{"line":405,"column":4},"end":{"line":431,"column":18}},"180":{"start":{"line":406,"column":6},"end":{"line":430,"column":7}},"181":{"start":{"line":407,"column":8},"end":{"line":429,"column":9}},"182":{"start":{"line":409,"column":12},"end":{"line":409,"column":32}},"183":{"start":{"line":410,"column":12},"end":{"line":410,"column":32}},"184":{"start":{"line":411,"column":12},"end":{"line":411,"column":117}},"185":{"start":{"line":414,"column":12},"end":{"line":414,"column":37}},"186":{"start":{"line":415,"column":12},"end":{"line":415,"column":31}},"187":{"start":{"line":416,"column":12},"end":{"line":416,"column":35}},"188":{"start":{"line":418,"column":12},"end":{"line":418,"column":58}},"189":{"start":{"line":420,"column":12},"end":{"line":420,"column":46}},"190":{"start":{"line":422,"column":12},"end":{"line":422,"column":50}},"191":{"start":{"line":424,"column":12},"end":{"line":424,"column":91}},"192":{"start":{"line":428,"column":12},"end":{"line":428,"column":37}},"193":{"start":{"line":434,"column":0},"end":{"line":566,"column":3}},"194":{"start":{"line":435,"column":2},"end":{"line":466,"column":7}},"195":{"start":{"line":442,"column":4},"end":{"line":465,"column":18}},"196":{"start":{"line":443,"column":6},"end":{"line":464,"column":7}},"197":{"start":{"line":444,"column":8},"end":{"line":463,"column":9}},"198":{"start":{"line":446,"column":12},"end":{"line":446,"column":32}},"199":{"start":{"line":447,"column":12},"end":{"line":447,"column":86}},"200":{"start":{"line":450,"column":12},"end":{"line":450,"column":37}},"201":{"start":{"line":451,"column":12},"end":{"line":451,"column":31}},"202":{"start":{"line":452,"column":12},"end":{"line":452,"column":35}},"203":{"start":{"line":454,"column":12},"end":{"line":454,"column":57}},"204":{"start":{"line":456,"column":12},"end":{"line":456,"column":45}},"205":{"start":{"line":458,"column":12},"end":{"line":458,"column":50}},"206":{"start":{"line":462,"column":12},"end":{"line":462,"column":37}},"207":{"start":{"line":467,"column":2},"end":{"line":500,"column":7}},"208":{"start":{"line":474,"column":4},"end":{"line":499,"column":18}},"209":{"start":{"line":475,"column":6},"end":{"line":498,"column":7}},"210":{"start":{"line":476,"column":8},"end":{"line":497,"column":9}},"211":{"start":{"line":478,"column":12},"end":{"line":478,"column":32}},"212":{"start":{"line":479,"column":12},"end":{"line":479,"column":103}},"213":{"start":{"line":482,"column":12},"end":{"line":482,"column":37}},"214":{"start":{"line":483,"column":12},"end":{"line":483,"column":31}},"215":{"start":{"line":484,"column":12},"end":{"line":484,"column":35}},"216":{"start":{"line":486,"column":12},"end":{"line":486,"column":58}},"217":{"start":{"line":488,"column":12},"end":{"line":488,"column":46}},"218":{"start":{"line":490,"column":12},"end":{"line":490,"column":50}},"219":{"start":{"line":492,"column":12},"end":{"line":492,"column":82}},"220":{"start":{"line":496,"column":12},"end":{"line":496,"column":37}},"221":{"start":{"line":501,"column":2},"end":{"line":533,"column":7}},"222":{"start":{"line":508,"column":4},"end":{"line":532,"column":18}},"223":{"start":{"line":509,"column":6},"end":{"line":531,"column":7}},"224":{"start":{"line":510,"column":8},"end":{"line":530,"column":9}},"225":{"start":{"line":512,"column":12},"end":{"line":512,"column":32}},"226":{"start":{"line":513,"column":12},"end":{"line":516,"column":15}},"227":{"start":{"line":519,"column":12},"end":{"line":519,"column":37}},"228":{"start":{"line":520,"column":12},"end":{"line":520,"column":31}},"229":{"start":{"line":521,"column":12},"end":{"line":521,"column":35}},"230":{"start":{"line":523,"column":12},"end":{"line":523,"column":50}},"231":{"start":{"line":525,"column":12},"end":{"line":525,"column":82}},"232":{"start":{"line":529,"column":12},"end":{"line":529,"column":37}},"233":{"start":{"line":534,"column":2},"end":{"line":565,"column":7}},"234":{"start":{"line":541,"column":4},"end":{"line":564,"column":18}},"235":{"start":{"line":542,"column":6},"end":{"line":563,"column":7}},"236":{"start":{"line":543,"column":8},"end":{"line":562,"column":9}},"237":{"start":{"line":545,"column":12},"end":{"line":545,"column":32}},"238":{"start":{"line":546,"column":12},"end":{"line":548,"column":15}},"239":{"start":{"line":551,"column":12},"end":{"line":551,"column":37}},"240":{"start":{"line":552,"column":12},"end":{"line":552,"column":31}},"241":{"start":{"line":553,"column":12},"end":{"line":553,"column":35}},"242":{"start":{"line":555,"column":12},"end":{"line":555,"column":50}},"243":{"start":{"line":557,"column":12},"end":{"line":557,"column":82}},"244":{"start":{"line":561,"column":12},"end":{"line":561,"column":37}},"245":{"start":{"line":567,"column":0},"end":{"line":681,"column":3}},"246":{"start":{"line":568,"column":2},"end":{"line":606,"column":7}},"247":{"start":{"line":575,"column":4},"end":{"line":605,"column":18}},"248":{"start":{"line":576,"column":6},"end":{"line":604,"column":7}},"249":{"start":{"line":577,"column":8},"end":{"line":603,"column":9}},"250":{"start":{"line":579,"column":12},"end":{"line":585,"column":14}},"251":{"start":{"line":586,"column":12},"end":{"line":586,"column":32}},"252":{"start":{"line":587,"column":12},"end":{"line":587,"column":102}},"253":{"start":{"line":590,"column":12},"end":{"line":590,"column":37}},"254":{"start":{"line":591,"column":12},"end":{"line":591,"column":31}},"255":{"start":{"line":592,"column":12},"end":{"line":592,"column":35}},"256":{"start":{"line":594,"column":12},"end":{"line":594,"column":57}},"257":{"start":{"line":596,"column":12},"end":{"line":596,"column":45}},"258":{"start":{"line":598,"column":12},"end":{"line":598,"column":50}},"259":{"start":{"line":602,"column":12},"end":{"line":602,"column":37}},"260":{"start":{"line":607,"column":2},"end":{"line":639,"column":7}},"261":{"start":{"line":614,"column":4},"end":{"line":638,"column":18}},"262":{"start":{"line":615,"column":6},"end":{"line":637,"column":7}},"263":{"start":{"line":616,"column":8},"end":{"line":636,"column":9}},"264":{"start":{"line":618,"column":12},"end":{"line":618,"column":25}},"265":{"start":{"line":619,"column":12},"end":{"line":619,"column":32}},"266":{"start":{"line":620,"column":12},"end":{"line":620,"column":102}},"267":{"start":{"line":623,"column":12},"end":{"line":623,"column":37}},"268":{"start":{"line":624,"column":12},"end":{"line":624,"column":31}},"269":{"start":{"line":625,"column":12},"end":{"line":625,"column":35}},"270":{"start":{"line":627,"column":12},"end":{"line":627,"column":58}},"271":{"start":{"line":629,"column":12},"end":{"line":629,"column":46}},"272":{"start":{"line":631,"column":12},"end":{"line":631,"column":50}},"273":{"start":{"line":635,"column":12},"end":{"line":635,"column":37}},"274":{"start":{"line":640,"column":2},"end":{"line":680,"column":7}},"275":{"start":{"line":647,"column":4},"end":{"line":679,"column":18}},"276":{"start":{"line":648,"column":6},"end":{"line":678,"column":7}},"277":{"start":{"line":649,"column":8},"end":{"line":677,"column":9}},"278":{"start":{"line":651,"column":12},"end":{"line":657,"column":14}},"279":{"start":{"line":658,"column":12},"end":{"line":658,"column":32}},"280":{"start":{"line":659,"column":12},"end":{"line":659,"column":102}},"281":{"start":{"line":662,"column":12},"end":{"line":662,"column":37}},"282":{"start":{"line":663,"column":12},"end":{"line":663,"column":31}},"283":{"start":{"line":664,"column":12},"end":{"line":664,"column":35}},"284":{"start":{"line":666,"column":12},"end":{"line":666,"column":58}},"285":{"start":{"line":668,"column":12},"end":{"line":668,"column":46}},"286":{"start":{"line":670,"column":12},"end":{"line":670,"column":50}},"287":{"start":{"line":672,"column":12},"end":{"line":672,"column":73}},"288":{"start":{"line":676,"column":12},"end":{"line":676,"column":37}},"289":{"start":{"line":682,"column":0},"end":{"line":793,"column":3}},"290":{"start":{"line":683,"column":2},"end":{"line":718,"column":7}},"291":{"start":{"line":690,"column":4},"end":{"line":717,"column":18}},"292":{"start":{"line":691,"column":6},"end":{"line":716,"column":7}},"293":{"start":{"line":692,"column":8},"end":{"line":715,"column":9}},"294":{"start":{"line":694,"column":12},"end":{"line":696,"column":14}},"295":{"start":{"line":697,"column":12},"end":{"line":697,"column":30}},"296":{"start":{"line":698,"column":12},"end":{"line":698,"column":32}},"297":{"start":{"line":699,"column":12},"end":{"line":699,"column":118}},"298":{"start":{"line":702,"column":12},"end":{"line":702,"column":37}},"299":{"start":{"line":703,"column":12},"end":{"line":703,"column":31}},"300":{"start":{"line":704,"column":12},"end":{"line":704,"column":35}},"301":{"start":{"line":706,"column":12},"end":{"line":706,"column":57}},"302":{"start":{"line":708,"column":12},"end":{"line":708,"column":45}},"303":{"start":{"line":710,"column":12},"end":{"line":710,"column":50}},"304":{"start":{"line":714,"column":12},"end":{"line":714,"column":37}},"305":{"start":{"line":719,"column":2},"end":{"line":754,"column":7}},"306":{"start":{"line":726,"column":4},"end":{"line":753,"column":18}},"307":{"start":{"line":727,"column":6},"end":{"line":752,"column":7}},"308":{"start":{"line":728,"column":8},"end":{"line":751,"column":9}},"309":{"start":{"line":730,"column":12},"end":{"line":730,"column":25}},"310":{"start":{"line":731,"column":12},"end":{"line":731,"column":30}},"311":{"start":{"line":732,"column":12},"end":{"line":732,"column":32}},"312":{"start":{"line":733,"column":12},"end":{"line":733,"column":118}},"313":{"start":{"line":736,"column":12},"end":{"line":736,"column":37}},"314":{"start":{"line":737,"column":12},"end":{"line":737,"column":31}},"315":{"start":{"line":738,"column":12},"end":{"line":738,"column":35}},"316":{"start":{"line":740,"column":12},"end":{"line":740,"column":58}},"317":{"start":{"line":742,"column":12},"end":{"line":742,"column":46}},"318":{"start":{"line":744,"column":12},"end":{"line":744,"column":50}},"319":{"start":{"line":746,"column":12},"end":{"line":746,"column":99}},"320":{"start":{"line":750,"column":12},"end":{"line":750,"column":37}},"321":{"start":{"line":755,"column":2},"end":{"line":792,"column":7}},"322":{"start":{"line":762,"column":4},"end":{"line":791,"column":18}},"323":{"start":{"line":763,"column":6},"end":{"line":790,"column":7}},"324":{"start":{"line":764,"column":8},"end":{"line":789,"column":9}},"325":{"start":{"line":766,"column":12},"end":{"line":768,"column":14}},"326":{"start":{"line":769,"column":12},"end":{"line":769,"column":32}},"327":{"start":{"line":770,"column":12},"end":{"line":770,"column":32}},"328":{"start":{"line":771,"column":12},"end":{"line":771,"column":118}},"329":{"start":{"line":774,"column":12},"end":{"line":774,"column":37}},"330":{"start":{"line":775,"column":12},"end":{"line":775,"column":31}},"331":{"start":{"line":776,"column":12},"end":{"line":776,"column":35}},"332":{"start":{"line":778,"column":12},"end":{"line":778,"column":58}},"333":{"start":{"line":780,"column":12},"end":{"line":780,"column":46}},"334":{"start":{"line":782,"column":12},"end":{"line":782,"column":50}},"335":{"start":{"line":784,"column":12},"end":{"line":784,"column":91}},"336":{"start":{"line":788,"column":12},"end":{"line":788,"column":37}},"337":{"start":{"line":794,"column":0},"end":{"line":863,"column":3}},"338":{"start":{"line":795,"column":2},"end":{"line":827,"column":7}},"339":{"start":{"line":802,"column":4},"end":{"line":826,"column":18}},"340":{"start":{"line":803,"column":6},"end":{"line":825,"column":7}},"341":{"start":{"line":804,"column":8},"end":{"line":824,"column":9}},"342":{"start":{"line":806,"column":12},"end":{"line":806,"column":30}},"343":{"start":{"line":807,"column":12},"end":{"line":807,"column":32}},"344":{"start":{"line":808,"column":12},"end":{"line":808,"column":102}},"345":{"start":{"line":811,"column":12},"end":{"line":811,"column":37}},"346":{"start":{"line":812,"column":12},"end":{"line":812,"column":31}},"347":{"start":{"line":813,"column":12},"end":{"line":813,"column":35}},"348":{"start":{"line":815,"column":12},"end":{"line":815,"column":57}},"349":{"start":{"line":817,"column":12},"end":{"line":817,"column":45}},"350":{"start":{"line":819,"column":12},"end":{"line":819,"column":50}},"351":{"start":{"line":823,"column":12},"end":{"line":823,"column":37}},"352":{"start":{"line":828,"column":2},"end":{"line":862,"column":7}},"353":{"start":{"line":835,"column":4},"end":{"line":861,"column":18}},"354":{"start":{"line":836,"column":6},"end":{"line":860,"column":7}},"355":{"start":{"line":837,"column":8},"end":{"line":859,"column":9}},"356":{"start":{"line":839,"column":12},"end":{"line":839,"column":32}},"357":{"start":{"line":840,"column":12},"end":{"line":840,"column":32}},"358":{"start":{"line":841,"column":12},"end":{"line":841,"column":102}},"359":{"start":{"line":844,"column":12},"end":{"line":844,"column":37}},"360":{"start":{"line":845,"column":12},"end":{"line":845,"column":31}},"361":{"start":{"line":846,"column":12},"end":{"line":846,"column":35}},"362":{"start":{"line":848,"column":12},"end":{"line":848,"column":58}},"363":{"start":{"line":850,"column":12},"end":{"line":850,"column":46}},"364":{"start":{"line":852,"column":12},"end":{"line":852,"column":50}},"365":{"start":{"line":854,"column":12},"end":{"line":854,"column":91}},"366":{"start":{"line":858,"column":12},"end":{"line":858,"column":37}},"367":{"start":{"line":864,"column":0},"end":{"line":966,"column":3}},"368":{"start":{"line":865,"column":2},"end":{"line":897,"column":7}},"369":{"start":{"line":872,"column":4},"end":{"line":896,"column":18}},"370":{"start":{"line":873,"column":6},"end":{"line":895,"column":7}},"371":{"start":{"line":874,"column":8},"end":{"line":894,"column":9}},"372":{"start":{"line":876,"column":12},"end":{"line":876,"column":37}},"373":{"start":{"line":877,"column":12},"end":{"line":877,"column":32}},"374":{"start":{"line":878,"column":12},"end":{"line":878,"column":115}},"375":{"start":{"line":881,"column":12},"end":{"line":881,"column":37}},"376":{"start":{"line":882,"column":12},"end":{"line":882,"column":31}},"377":{"start":{"line":883,"column":12},"end":{"line":883,"column":35}},"378":{"start":{"line":885,"column":12},"end":{"line":885,"column":57}},"379":{"start":{"line":887,"column":12},"end":{"line":887,"column":45}},"380":{"start":{"line":889,"column":12},"end":{"line":889,"column":50}},"381":{"start":{"line":893,"column":12},"end":{"line":893,"column":37}},"382":{"start":{"line":898,"column":2},"end":{"line":930,"column":7}},"383":{"start":{"line":905,"column":4},"end":{"line":929,"column":18}},"384":{"start":{"line":906,"column":6},"end":{"line":928,"column":7}},"385":{"start":{"line":907,"column":8},"end":{"line":927,"column":9}},"386":{"start":{"line":909,"column":12},"end":{"line":909,"column":30}},"387":{"start":{"line":910,"column":12},"end":{"line":910,"column":32}},"388":{"start":{"line":911,"column":12},"end":{"line":911,"column":115}},"389":{"start":{"line":914,"column":12},"end":{"line":914,"column":37}},"390":{"start":{"line":915,"column":12},"end":{"line":915,"column":31}},"391":{"start":{"line":916,"column":12},"end":{"line":916,"column":35}},"392":{"start":{"line":918,"column":12},"end":{"line":918,"column":58}},"393":{"start":{"line":920,"column":12},"end":{"line":920,"column":46}},"394":{"start":{"line":922,"column":12},"end":{"line":922,"column":50}},"395":{"start":{"line":926,"column":12},"end":{"line":926,"column":37}},"396":{"start":{"line":931,"column":2},"end":{"line":965,"column":7}},"397":{"start":{"line":938,"column":4},"end":{"line":964,"column":18}},"398":{"start":{"line":939,"column":6},"end":{"line":963,"column":7}},"399":{"start":{"line":940,"column":8},"end":{"line":962,"column":9}},"400":{"start":{"line":942,"column":12},"end":{"line":942,"column":40}},"401":{"start":{"line":943,"column":12},"end":{"line":943,"column":32}},"402":{"start":{"line":944,"column":12},"end":{"line":944,"column":115}},"403":{"start":{"line":947,"column":12},"end":{"line":947,"column":37}},"404":{"start":{"line":948,"column":12},"end":{"line":948,"column":31}},"405":{"start":{"line":949,"column":12},"end":{"line":949,"column":35}},"406":{"start":{"line":951,"column":12},"end":{"line":951,"column":58}},"407":{"start":{"line":953,"column":12},"end":{"line":953,"column":46}},"408":{"start":{"line":955,"column":12},"end":{"line":955,"column":50}},"409":{"start":{"line":957,"column":12},"end":{"line":957,"column":115}},"410":{"start":{"line":961,"column":12},"end":{"line":961,"column":37}}},"fnMap":{"0":{"name":"_interopRequireDefault","decl":{"start":{"line":9,"column":9},"end":{"line":9,"column":31}},"loc":{"start":{"line":9,"column":37},"end":{"line":9,"column":97}},"line":9},"1":{"name":"asyncGeneratorStep","decl":{"start":{"line":11,"column":9},"end":{"line":11,"column":27}},"loc":{"start":{"line":11,"column":75},"end":{"line":11,"column":265}},"line":11},"2":{"name":"_asyncToGenerator","decl":{"start":{"line":13,"column":9},"end":{"line":13,"column":26}},"loc":{"start":{"line":13,"column":31},"end":{"line":13,"column":389}},"line":13},"3":{"name":"(anonymous_3)","decl":{"start":{"line":13,"column":40},"end":{"line":13,"column":41}},"loc":{"start":{"line":13,"column":52},"end":{"line":13,"column":386}},"line":13},"4":{"name":"(anonymous_4)","decl":{"start":{"line":13,"column":108},"end":{"line":13,"column":109}},"loc":{"start":{"line":13,"column":135},"end":{"line":13,"column":382}},"line":13},"5":{"name":"_next","decl":{"start":{"line":13,"column":178},"end":{"line":13,"column":183}},"loc":{"start":{"line":13,"column":191},"end":{"line":13,"column":266}},"line":13},"6":{"name":"_throw","decl":{"start":{"line":13,"column":276},"end":{"line":13,"column":282}},"loc":{"start":{"line":13,"column":288},"end":{"line":13,"column":362}},"line":13},"7":{"name":"(anonymous_7)","decl":{"start":{"line":15,"column":37},"end":{"line":15,"column":38}},"loc":{"start":{"line":15,"column":49},"end":{"line":43,"column":1}},"line":15},"8":{"name":"_callee","decl":{"start":{"line":20,"column":35},"end":{"line":20,"column":42}},"loc":{"start":{"line":20,"column":45},"end":{"line":42,"column":3}},"line":20},"9":{"name":"_callee$","decl":{"start":{"line":22,"column":44},"end":{"line":22,"column":52}},"loc":{"start":{"line":22,"column":63},"end":{"line":41,"column":5}},"line":22},"10":{"name":"(anonymous_10)","decl":{"start":{"line":44,"column":44},"end":{"line":44,"column":45}},"loc":{"start":{"line":44,"column":56},"end":{"line":136,"column":1}},"line":44},"11":{"name":"_callee2","decl":{"start":{"line":49,"column":35},"end":{"line":49,"column":43}},"loc":{"start":{"line":49,"column":46},"end":{"line":105,"column":3}},"line":49},"12":{"name":"_callee2$","decl":{"start":{"line":52,"column":44},"end":{"line":52,"column":53}},"loc":{"start":{"line":52,"column":65},"end":{"line":104,"column":5}},"line":52},"13":{"name":"_callee3","decl":{"start":{"line":110,"column":35},"end":{"line":110,"column":43}},"loc":{"start":{"line":110,"column":46},"end":{"line":135,"column":3}},"line":110},"14":{"name":"_callee3$","decl":{"start":{"line":112,"column":44},"end":{"line":112,"column":53}},"loc":{"start":{"line":112,"column":65},"end":{"line":134,"column":5}},"line":112},"15":{"name":"(anonymous_15)","decl":{"start":{"line":137,"column":40},"end":{"line":137,"column":41}},"loc":{"start":{"line":137,"column":52},"end":{"line":256,"column":1}},"line":137},"16":{"name":"_callee4","decl":{"start":{"line":142,"column":35},"end":{"line":142,"column":43}},"loc":{"start":{"line":142,"column":46},"end":{"line":186,"column":3}},"line":142},"17":{"name":"_callee4$","decl":{"start":{"line":145,"column":44},"end":{"line":145,"column":53}},"loc":{"start":{"line":145,"column":65},"end":{"line":185,"column":5}},"line":145},"18":{"name":"_callee5","decl":{"start":{"line":191,"column":35},"end":{"line":191,"column":43}},"loc":{"start":{"line":191,"column":46},"end":{"line":219,"column":3}},"line":191},"19":{"name":"_callee5$","decl":{"start":{"line":194,"column":44},"end":{"line":194,"column":53}},"loc":{"start":{"line":194,"column":65},"end":{"line":218,"column":5}},"line":194},"20":{"name":"_callee6","decl":{"start":{"line":224,"column":35},"end":{"line":224,"column":43}},"loc":{"start":{"line":224,"column":46},"end":{"line":255,"column":3}},"line":224},"21":{"name":"_callee6$","decl":{"start":{"line":227,"column":44},"end":{"line":227,"column":53}},"loc":{"start":{"line":227,"column":65},"end":{"line":254,"column":5}},"line":227},"22":{"name":"(anonymous_22)","decl":{"start":{"line":257,"column":73},"end":{"line":257,"column":74}},"loc":{"start":{"line":257,"column":85},"end":{"line":290,"column":1}},"line":257},"23":{"name":"_callee7","decl":{"start":{"line":262,"column":35},"end":{"line":262,"column":43}},"loc":{"start":{"line":262,"column":46},"end":{"line":289,"column":3}},"line":262},"24":{"name":"_callee7$","decl":{"start":{"line":265,"column":44},"end":{"line":265,"column":53}},"loc":{"start":{"line":265,"column":65},"end":{"line":288,"column":5}},"line":265},"25":{"name":"(anonymous_25)","decl":{"start":{"line":291,"column":49},"end":{"line":291,"column":50}},"loc":{"start":{"line":291,"column":61},"end":{"line":433,"column":1}},"line":291},"26":{"name":"_callee8","decl":{"start":{"line":296,"column":35},"end":{"line":296,"column":43}},"loc":{"start":{"line":296,"column":46},"end":{"line":344,"column":3}},"line":296},"27":{"name":"_callee8$","decl":{"start":{"line":299,"column":44},"end":{"line":299,"column":53}},"loc":{"start":{"line":299,"column":65},"end":{"line":343,"column":5}},"line":299},"28":{"name":"_callee9","decl":{"start":{"line":349,"column":35},"end":{"line":349,"column":43}},"loc":{"start":{"line":349,"column":46},"end":{"line":397,"column":3}},"line":349},"29":{"name":"_callee9$","decl":{"start":{"line":352,"column":44},"end":{"line":352,"column":53}},"loc":{"start":{"line":352,"column":65},"end":{"line":396,"column":5}},"line":352},"30":{"name":"_callee10","decl":{"start":{"line":402,"column":35},"end":{"line":402,"column":44}},"loc":{"start":{"line":402,"column":47},"end":{"line":432,"column":3}},"line":402},"31":{"name":"_callee10$","decl":{"start":{"line":405,"column":44},"end":{"line":405,"column":54}},"loc":{"start":{"line":405,"column":67},"end":{"line":431,"column":5}},"line":405},"32":{"name":"(anonymous_32)","decl":{"start":{"line":434,"column":23},"end":{"line":434,"column":24}},"loc":{"start":{"line":434,"column":35},"end":{"line":566,"column":1}},"line":434},"33":{"name":"_callee11","decl":{"start":{"line":439,"column":35},"end":{"line":439,"column":44}},"loc":{"start":{"line":439,"column":47},"end":{"line":466,"column":3}},"line":439},"34":{"name":"_callee11$","decl":{"start":{"line":442,"column":44},"end":{"line":442,"column":54}},"loc":{"start":{"line":442,"column":67},"end":{"line":465,"column":5}},"line":442},"35":{"name":"_callee12","decl":{"start":{"line":471,"column":35},"end":{"line":471,"column":44}},"loc":{"start":{"line":471,"column":47},"end":{"line":500,"column":3}},"line":471},"36":{"name":"_callee12$","decl":{"start":{"line":474,"column":44},"end":{"line":474,"column":54}},"loc":{"start":{"line":474,"column":67},"end":{"line":499,"column":5}},"line":474},"37":{"name":"_callee13","decl":{"start":{"line":505,"column":35},"end":{"line":505,"column":44}},"loc":{"start":{"line":505,"column":47},"end":{"line":533,"column":3}},"line":505},"38":{"name":"_callee13$","decl":{"start":{"line":508,"column":44},"end":{"line":508,"column":54}},"loc":{"start":{"line":508,"column":67},"end":{"line":532,"column":5}},"line":508},"39":{"name":"_callee14","decl":{"start":{"line":538,"column":35},"end":{"line":538,"column":44}},"loc":{"start":{"line":538,"column":47},"end":{"line":565,"column":3}},"line":538},"40":{"name":"_callee14$","decl":{"start":{"line":541,"column":44},"end":{"line":541,"column":54}},"loc":{"start":{"line":541,"column":67},"end":{"line":564,"column":5}},"line":541},"41":{"name":"(anonymous_41)","decl":{"start":{"line":567,"column":37},"end":{"line":567,"column":38}},"loc":{"start":{"line":567,"column":49},"end":{"line":681,"column":1}},"line":567},"42":{"name":"_callee15","decl":{"start":{"line":572,"column":35},"end":{"line":572,"column":44}},"loc":{"start":{"line":572,"column":47},"end":{"line":606,"column":3}},"line":572},"43":{"name":"_callee15$","decl":{"start":{"line":575,"column":44},"end":{"line":575,"column":54}},"loc":{"start":{"line":575,"column":67},"end":{"line":605,"column":5}},"line":575},"44":{"name":"_callee16","decl":{"start":{"line":611,"column":35},"end":{"line":611,"column":44}},"loc":{"start":{"line":611,"column":47},"end":{"line":639,"column":3}},"line":611},"45":{"name":"_callee16$","decl":{"start":{"line":614,"column":44},"end":{"line":614,"column":54}},"loc":{"start":{"line":614,"column":67},"end":{"line":638,"column":5}},"line":614},"46":{"name":"_callee17","decl":{"start":{"line":644,"column":35},"end":{"line":644,"column":44}},"loc":{"start":{"line":644,"column":47},"end":{"line":680,"column":3}},"line":644},"47":{"name":"_callee17$","decl":{"start":{"line":647,"column":44},"end":{"line":647,"column":54}},"loc":{"start":{"line":647,"column":67},"end":{"line":679,"column":5}},"line":647},"48":{"name":"(anonymous_48)","decl":{"start":{"line":682,"column":36},"end":{"line":682,"column":37}},"loc":{"start":{"line":682,"column":48},"end":{"line":793,"column":1}},"line":682},"49":{"name":"_callee18","decl":{"start":{"line":687,"column":35},"end":{"line":687,"column":44}},"loc":{"start":{"line":687,"column":47},"end":{"line":718,"column":3}},"line":687},"50":{"name":"_callee18$","decl":{"start":{"line":690,"column":44},"end":{"line":690,"column":54}},"loc":{"start":{"line":690,"column":67},"end":{"line":717,"column":5}},"line":690},"51":{"name":"_callee19","decl":{"start":{"line":723,"column":35},"end":{"line":723,"column":44}},"loc":{"start":{"line":723,"column":47},"end":{"line":754,"column":3}},"line":723},"52":{"name":"_callee19$","decl":{"start":{"line":726,"column":44},"end":{"line":726,"column":54}},"loc":{"start":{"line":726,"column":67},"end":{"line":753,"column":5}},"line":726},"53":{"name":"_callee20","decl":{"start":{"line":759,"column":35},"end":{"line":759,"column":44}},"loc":{"start":{"line":759,"column":47},"end":{"line":792,"column":3}},"line":759},"54":{"name":"_callee20$","decl":{"start":{"line":762,"column":44},"end":{"line":762,"column":54}},"loc":{"start":{"line":762,"column":67},"end":{"line":791,"column":5}},"line":762},"55":{"name":"(anonymous_55)","decl":{"start":{"line":794,"column":35},"end":{"line":794,"column":36}},"loc":{"start":{"line":794,"column":47},"end":{"line":863,"column":1}},"line":794},"56":{"name":"_callee21","decl":{"start":{"line":799,"column":35},"end":{"line":799,"column":44}},"loc":{"start":{"line":799,"column":47},"end":{"line":827,"column":3}},"line":799},"57":{"name":"_callee21$","decl":{"start":{"line":802,"column":44},"end":{"line":802,"column":54}},"loc":{"start":{"line":802,"column":67},"end":{"line":826,"column":5}},"line":802},"58":{"name":"_callee22","decl":{"start":{"line":832,"column":35},"end":{"line":832,"column":44}},"loc":{"start":{"line":832,"column":47},"end":{"line":862,"column":3}},"line":832},"59":{"name":"_callee22$","decl":{"start":{"line":835,"column":44},"end":{"line":835,"column":54}},"loc":{"start":{"line":835,"column":67},"end":{"line":861,"column":5}},"line":835},"60":{"name":"(anonymous_60)","decl":{"start":{"line":864,"column":46},"end":{"line":864,"column":47}},"loc":{"start":{"line":864,"column":58},"end":{"line":966,"column":1}},"line":864},"61":{"name":"_callee23","decl":{"start":{"line":869,"column":35},"end":{"line":869,"column":44}},"loc":{"start":{"line":869,"column":47},"end":{"line":897,"column":3}},"line":869},"62":{"name":"_callee23$","decl":{"start":{"line":872,"column":44},"end":{"line":872,"column":54}},"loc":{"start":{"line":872,"column":67},"end":{"line":896,"column":5}},"line":872},"63":{"name":"_callee24","decl":{"start":{"line":902,"column":35},"end":{"line":902,"column":44}},"loc":{"start":{"line":902,"column":47},"end":{"line":930,"column":3}},"line":902},"64":{"name":"_callee24$","decl":{"start":{"line":905,"column":44},"end":{"line":905,"column":54}},"loc":{"start":{"line":905,"column":67},"end":{"line":929,"column":5}},"line":905},"65":{"name":"_callee25","decl":{"start":{"line":935,"column":35},"end":{"line":935,"column":44}},"loc":{"start":{"line":935,"column":47},"end":{"line":965,"column":3}},"line":935},"66":{"name":"_callee25$","decl":{"start":{"line":938,"column":44},"end":{"line":938,"column":54}},"loc":{"start":{"line":938,"column":67},"end":{"line":964,"column":5}},"line":938}},"branchMap":{"0":{"loc":{"start":{"line":9,"column":46},"end":{"line":9,"column":94}},"type":"cond-expr","locations":[{"start":{"line":9,"column":70},"end":{"line":9,"column":73}},{"start":{"line":9,"column":76},"end":{"line":9,"column":94}}],"line":9},"1":{"loc":{"start":{"line":9,"column":46},"end":{"line":9,"column":67}},"type":"binary-expr","locations":[{"start":{"line":9,"column":46},"end":{"line":9,"column":49}},{"start":{"line":9,"column":53},"end":{"line":9,"column":67}}],"line":9},"2":{"loc":{"start":{"line":11,"column":176},"end":{"line":11,"column":263}},"type":"if","locations":[{"start":{"line":11,"column":176},"end":{"line":11,"column":263}},{"start":{"line":11,"column":176},"end":{"line":11,"column":263}}],"line":11},"3":{"loc":{"start":{"line":24,"column":8},"end":{"line":39,"column":9}},"type":"switch","locations":[{"start":{"line":25,"column":10},"end":{"line":27,"column":74}},{"start":{"line":29,"column":10},"end":{"line":34,"column":63}},{"start":{"line":36,"column":10},"end":{"line":36,"column":17}},{"start":{"line":37,"column":10},"end":{"line":38,"column":35}}],"line":24},"4":{"loc":{"start":{"line":54,"column":8},"end":{"line":102,"column":9}},"type":"switch","locations":[{"start":{"line":55,"column":10},"end":{"line":65,"column":102}},{"start":{"line":67,"column":10},"end":{"line":97,"column":64}},{"start":{"line":99,"column":10},"end":{"line":99,"column":18}},{"start":{"line":100,"column":10},"end":{"line":101,"column":36}}],"line":54},"5":{"loc":{"start":{"line":114,"column":8},"end":{"line":132,"column":9}},"type":"switch","locations":[{"start":{"line":115,"column":10},"end":{"line":118,"column":102}},{"start":{"line":120,"column":10},"end":{"line":127,"column":55}},{"start":{"line":129,"column":10},"end":{"line":129,"column":17}},{"start":{"line":130,"column":10},"end":{"line":131,"column":36}}],"line":114},"6":{"loc":{"start":{"line":147,"column":8},"end":{"line":183,"column":9}},"type":"switch","locations":[{"start":{"line":148,"column":10},"end":{"line":154,"column":102}},{"start":{"line":156,"column":10},"end":{"line":178,"column":50}},{"start":{"line":180,"column":10},"end":{"line":180,"column":18}},{"start":{"line":181,"column":10},"end":{"line":182,"column":36}}],"line":147},"7":{"loc":{"start":{"line":196,"column":8},"end":{"line":216,"column":9}},"type":"switch","locations":[{"start":{"line":197,"column":10},"end":{"line":200,"column":102}},{"start":{"line":202,"column":10},"end":{"line":211,"column":50}},{"start":{"line":213,"column":10},"end":{"line":213,"column":17}},{"start":{"line":214,"column":10},"end":{"line":215,"column":36}}],"line":196},"8":{"loc":{"start":{"line":229,"column":8},"end":{"line":252,"column":9}},"type":"switch","locations":[{"start":{"line":230,"column":10},"end":{"line":236,"column":102}},{"start":{"line":238,"column":10},"end":{"line":247,"column":50}},{"start":{"line":249,"column":10},"end":{"line":249,"column":17}},{"start":{"line":250,"column":10},"end":{"line":251,"column":36}}],"line":229},"9":{"loc":{"start":{"line":267,"column":8},"end":{"line":286,"column":9}},"type":"switch","locations":[{"start":{"line":268,"column":10},"end":{"line":270,"column":105}},{"start":{"line":272,"column":10},"end":{"line":281,"column":50}},{"start":{"line":283,"column":10},"end":{"line":283,"column":17}},{"start":{"line":284,"column":10},"end":{"line":285,"column":36}}],"line":267},"10":{"loc":{"start":{"line":301,"column":8},"end":{"line":341,"column":9}},"type":"switch","locations":[{"start":{"line":302,"column":10},"end":{"line":311,"column":131}},{"start":{"line":313,"column":10},"end":{"line":336,"column":50}},{"start":{"line":338,"column":10},"end":{"line":338,"column":18}},{"start":{"line":339,"column":10},"end":{"line":340,"column":36}}],"line":301},"11":{"loc":{"start":{"line":354,"column":8},"end":{"line":394,"column":9}},"type":"switch","locations":[{"start":{"line":355,"column":10},"end":{"line":364,"column":131}},{"start":{"line":366,"column":10},"end":{"line":389,"column":50}},{"start":{"line":391,"column":10},"end":{"line":391,"column":18}},{"start":{"line":392,"column":10},"end":{"line":393,"column":36}}],"line":354},"12":{"loc":{"start":{"line":407,"column":8},"end":{"line":429,"column":9}},"type":"switch","locations":[{"start":{"line":408,"column":10},"end":{"line":411,"column":117}},{"start":{"line":413,"column":10},"end":{"line":424,"column":91}},{"start":{"line":426,"column":10},"end":{"line":426,"column":18}},{"start":{"line":427,"column":10},"end":{"line":428,"column":37}}],"line":407},"13":{"loc":{"start":{"line":444,"column":8},"end":{"line":463,"column":9}},"type":"switch","locations":[{"start":{"line":445,"column":10},"end":{"line":447,"column":86}},{"start":{"line":449,"column":10},"end":{"line":458,"column":50}},{"start":{"line":460,"column":10},"end":{"line":460,"column":17}},{"start":{"line":461,"column":10},"end":{"line":462,"column":37}}],"line":444},"14":{"loc":{"start":{"line":476,"column":8},"end":{"line":497,"column":9}},"type":"switch","locations":[{"start":{"line":477,"column":10},"end":{"line":479,"column":103}},{"start":{"line":481,"column":10},"end":{"line":492,"column":82}},{"start":{"line":494,"column":10},"end":{"line":494,"column":17}},{"start":{"line":495,"column":10},"end":{"line":496,"column":37}}],"line":476},"15":{"loc":{"start":{"line":510,"column":8},"end":{"line":530,"column":9}},"type":"switch","locations":[{"start":{"line":511,"column":10},"end":{"line":516,"column":15}},{"start":{"line":518,"column":10},"end":{"line":525,"column":82}},{"start":{"line":527,"column":10},"end":{"line":527,"column":17}},{"start":{"line":528,"column":10},"end":{"line":529,"column":37}}],"line":510},"16":{"loc":{"start":{"line":543,"column":8},"end":{"line":562,"column":9}},"type":"switch","locations":[{"start":{"line":544,"column":10},"end":{"line":548,"column":15}},{"start":{"line":550,"column":10},"end":{"line":557,"column":82}},{"start":{"line":559,"column":10},"end":{"line":559,"column":17}},{"start":{"line":560,"column":10},"end":{"line":561,"column":37}}],"line":543},"17":{"loc":{"start":{"line":577,"column":8},"end":{"line":603,"column":9}},"type":"switch","locations":[{"start":{"line":578,"column":10},"end":{"line":587,"column":102}},{"start":{"line":589,"column":10},"end":{"line":598,"column":50}},{"start":{"line":600,"column":10},"end":{"line":600,"column":17}},{"start":{"line":601,"column":10},"end":{"line":602,"column":37}}],"line":577},"18":{"loc":{"start":{"line":616,"column":8},"end":{"line":636,"column":9}},"type":"switch","locations":[{"start":{"line":617,"column":10},"end":{"line":620,"column":102}},{"start":{"line":622,"column":10},"end":{"line":631,"column":50}},{"start":{"line":633,"column":10},"end":{"line":633,"column":17}},{"start":{"line":634,"column":10},"end":{"line":635,"column":37}}],"line":616},"19":{"loc":{"start":{"line":649,"column":8},"end":{"line":677,"column":9}},"type":"switch","locations":[{"start":{"line":650,"column":10},"end":{"line":659,"column":102}},{"start":{"line":661,"column":10},"end":{"line":672,"column":73}},{"start":{"line":674,"column":10},"end":{"line":674,"column":18}},{"start":{"line":675,"column":10},"end":{"line":676,"column":37}}],"line":649},"20":{"loc":{"start":{"line":692,"column":8},"end":{"line":715,"column":9}},"type":"switch","locations":[{"start":{"line":693,"column":10},"end":{"line":699,"column":118}},{"start":{"line":701,"column":10},"end":{"line":710,"column":50}},{"start":{"line":712,"column":10},"end":{"line":712,"column":18}},{"start":{"line":713,"column":10},"end":{"line":714,"column":37}}],"line":692},"21":{"loc":{"start":{"line":728,"column":8},"end":{"line":751,"column":9}},"type":"switch","locations":[{"start":{"line":729,"column":10},"end":{"line":733,"column":118}},{"start":{"line":735,"column":10},"end":{"line":746,"column":99}},{"start":{"line":748,"column":10},"end":{"line":748,"column":18}},{"start":{"line":749,"column":10},"end":{"line":750,"column":37}}],"line":728},"22":{"loc":{"start":{"line":764,"column":8},"end":{"line":789,"column":9}},"type":"switch","locations":[{"start":{"line":765,"column":10},"end":{"line":771,"column":118}},{"start":{"line":773,"column":10},"end":{"line":784,"column":91}},{"start":{"line":786,"column":10},"end":{"line":786,"column":18}},{"start":{"line":787,"column":10},"end":{"line":788,"column":37}}],"line":764},"23":{"loc":{"start":{"line":804,"column":8},"end":{"line":824,"column":9}},"type":"switch","locations":[{"start":{"line":805,"column":10},"end":{"line":808,"column":102}},{"start":{"line":810,"column":10},"end":{"line":819,"column":50}},{"start":{"line":821,"column":10},"end":{"line":821,"column":17}},{"start":{"line":822,"column":10},"end":{"line":823,"column":37}}],"line":804},"24":{"loc":{"start":{"line":837,"column":8},"end":{"line":859,"column":9}},"type":"switch","locations":[{"start":{"line":838,"column":10},"end":{"line":841,"column":102}},{"start":{"line":843,"column":10},"end":{"line":854,"column":91}},{"start":{"line":856,"column":10},"end":{"line":856,"column":18}},{"start":{"line":857,"column":10},"end":{"line":858,"column":37}}],"line":837},"25":{"loc":{"start":{"line":874,"column":8},"end":{"line":894,"column":9}},"type":"switch","locations":[{"start":{"line":875,"column":10},"end":{"line":878,"column":115}},{"start":{"line":880,"column":10},"end":{"line":889,"column":50}},{"start":{"line":891,"column":10},"end":{"line":891,"column":17}},{"start":{"line":892,"column":10},"end":{"line":893,"column":37}}],"line":874},"26":{"loc":{"start":{"line":907,"column":8},"end":{"line":927,"column":9}},"type":"switch","locations":[{"start":{"line":908,"column":10},"end":{"line":911,"column":115}},{"start":{"line":913,"column":10},"end":{"line":922,"column":50}},{"start":{"line":924,"column":10},"end":{"line":924,"column":17}},{"start":{"line":925,"column":10},"end":{"line":926,"column":37}}],"line":907},"27":{"loc":{"start":{"line":940,"column":8},"end":{"line":962,"column":9}},"type":"switch","locations":[{"start":{"line":941,"column":10},"end":{"line":944,"column":115}},{"start":{"line":946,"column":10},"end":{"line":957,"column":115}},{"start":{"line":959,"column":10},"end":{"line":959,"column":18}},{"start":{"line":960,"column":10},"end":{"line":961,"column":37}}],"line":940}},"s":{"0":1,"1":1,"2":1,"3":3,"4":50,"5":50,"6":50,"7":0,"8":0,"9":50,"10":25,"11":25,"12":25,"13":25,"14":25,"15":25,"16":25,"17":50,"18":0,"19":25,"20":1,"21":1,"22":1,"23":2,"24":2,"25":1,"26":1,"27":1,"28":1,"29":1,"30":1,"31":1,"32":1,"33":1,"34":2,"35":2,"36":1,"37":1,"38":1,"39":1,"40":1,"41":1,"42":1,"43":1,"44":1,"45":1,"46":1,"47":1,"48":1,"49":1,"50":1,"51":1,"52":1,"53":1,"54":1,"55":1,"56":1,"57":1,"58":1,"59":2,"60":2,"61":1,"62":1,"63":1,"64":1,"65":1,"66":1,"67":1,"68":1,"69":1,"70":1,"71":1,"72":2,"73":2,"74":1,"75":1,"76":1,"77":1,"78":1,"79":1,"80":1,"81":1,"82":1,"83":1,"84":1,"85":1,"86":1,"87":1,"88":1,"89":1,"90":1,"91":1,"92":1,"93":2,"94":2,"95":1,"96":1,"97":1,"98":1,"99":1,"100":1,"101":1,"102":1,"103":1,"104":1,"105":1,"106":1,"107":2,"108":2,"109":1,"110":1,"111":1,"112":1,"113":1,"114":1,"115":1,"116":1,"117":1,"118":1,"119":1,"120":1,"121":1,"122":2,"123":2,"124":1,"125":1,"126":1,"127":1,"128":1,"129":1,"130":1,"131":1,"132":1,"133":1,"134":1,"135":1,"136":2,"137":2,"138":1,"139":1,"140":1,"141":1,"142":1,"143":1,"144":1,"145":1,"146":1,"147":1,"148":1,"149":1,"150":1,"151":1,"152":1,"153":1,"154":1,"155":1,"156":1,"157":1,"158":2,"159":2,"160":1,"161":1,"162":1,"163":1,"164":1,"165":1,"166":1,"167":1,"168":1,"169":1,"170":1,"171":1,"172":1,"173":1,"174":1,"175":1,"176":1,"177":1,"178":1,"179":1,"180":2,"181":2,"182":1,"183":1,"184":1,"185":1,"186":1,"187":1,"188":1,"189":1,"190":1,"191":1,"192":1,"193":1,"194":1,"195":1,"196":2,"197":2,"198":1,"199":1,"200":1,"201":1,"202":1,"203":1,"204":1,"205":1,"206":1,"207":1,"208":1,"209":2,"210":2,"211":1,"212":1,"213":1,"214":1,"215":1,"216":1,"217":1,"218":1,"219":1,"220":1,"221":1,"222":1,"223":2,"224":2,"225":1,"226":1,"227":1,"228":1,"229":1,"230":1,"231":1,"232":1,"233":1,"234":1,"235":2,"236":2,"237":1,"238":1,"239":1,"240":1,"241":1,"242":1,"243":1,"244":1,"245":1,"246":1,"247":1,"248":2,"249":2,"250":1,"251":1,"252":1,"253":1,"254":1,"255":1,"256":1,"257":1,"258":1,"259":1,"260":1,"261":1,"262":2,"263":2,"264":1,"265":1,"266":1,"267":1,"268":1,"269":1,"270":1,"271":1,"272":1,"273":1,"274":1,"275":1,"276":2,"277":2,"278":1,"279":1,"280":1,"281":1,"282":1,"283":1,"284":1,"285":1,"286":1,"287":1,"288":1,"289":1,"290":1,"291":1,"292":2,"293":2,"294":1,"295":1,"296":1,"297":1,"298":1,"299":1,"300":1,"301":1,"302":1,"303":1,"304":1,"305":1,"306":1,"307":2,"308":2,"309":1,"310":1,"311":1,"312":1,"313":1,"314":1,"315":1,"316":1,"317":1,"318":1,"319":1,"320":1,"321":1,"322":1,"323":2,"324":2,"325":1,"326":1,"327":1,"328":1,"329":1,"330":1,"331":1,"332":1,"333":1,"334":1,"335":1,"336":1,"337":1,"338":1,"339":1,"340":2,"341":2,"342":1,"343":1,"344":1,"345":1,"346":1,"347":1,"348":1,"349":1,"350":1,"351":1,"352":1,"353":1,"354":2,"355":2,"356":1,"357":1,"358":1,"359":1,"360":1,"361":1,"362":1,"363":1,"364":1,"365":1,"366":1,"367":1,"368":1,"369":1,"370":2,"371":2,"372":1,"373":1,"374":1,"375":1,"376":1,"377":1,"378":1,"379":1,"380":1,"381":1,"382":1,"383":1,"384":2,"385":2,"386":1,"387":1,"388":1,"389":1,"390":1,"391":1,"392":1,"393":1,"394":1,"395":1,"396":1,"397":1,"398":2,"399":2,"400":1,"401":1,"402":1,"403":1,"404":1,"405":1,"406":1,"407":1,"408":1,"409":1,"410":1},"f":{"0":3,"1":50,"2":25,"3":25,"4":25,"5":50,"6":0,"7":1,"8":1,"9":2,"10":1,"11":1,"12":2,"13":1,"14":2,"15":1,"16":1,"17":2,"18":1,"19":2,"20":1,"21":2,"22":1,"23":1,"24":2,"25":1,"26":1,"27":2,"28":1,"29":2,"30":1,"31":2,"32":1,"33":1,"34":2,"35":1,"36":2,"37":1,"38":2,"39":1,"40":2,"41":1,"42":1,"43":2,"44":1,"45":2,"46":1,"47":2,"48":1,"49":1,"50":2,"51":1,"52":2,"53":1,"54":2,"55":1,"56":1,"57":2,"58":1,"59":2,"60":1,"61":1,"62":2,"63":1,"64":2,"65":1,"66":2},"b":{"0":[1,2],"1":[3,3],"2":[25,25],"3":[1,1,1,1],"4":[1,1,1,1],"5":[1,1,1,1],"6":[1,1,1,1],"7":[1,1,1,1],"8":[1,1,1,1],"9":[1,1,1,1],"10":[1,1,1,1],"11":[1,1,1,1],"12":[1,1,1,1],"13":[1,1,1,1],"14":[1,1,1,1],"15":[1,1,1,1],"16":[1,1,1,1],"17":[1,1,1,1],"18":[1,1,1,1],"19":[1,1,1,1],"20":[1,1,1,1],"21":[1,1,1,1],"22":[1,1,1,1],"23":[1,1,1,1],"24":[1,1,1,1],"25":[1,1,1,1],"26":[1,1,1,1],"27":[1,1,1,1]},"_coverageSchema":"43e27e138ebf9cfc5966b082cf9a028302ed4184","hash":"f7dba0efb0d0b33fda6ac4d6d71d96740869f7aa","contentHash":"21ce99a7e5febeb711b89c1e4159024b9df5b04517de9f4e8b92c97bfa669e7b"},"/Users/phebian/Personal/quick-credit/server/index.js":{"path":"/Users/phebian/Personal/quick-credit/server/index.js","statementMap":{"0":{"start":{"line":3,"column":0},"end":{"line":5,"column":3}},"1":{"start":{"line":6,"column":0},"end":{"line":6,"column":28}},"2":{"start":{"line":8,"column":15},"end":{"line":8,"column":57}},"3":{"start":{"line":10,"column":18},"end":{"line":10,"column":64}},"4":{"start":{"line":12,"column":24},"end":{"line":12,"column":76}},"5":{"start":{"line":14,"column":14},"end":{"line":14,"column":55}},"6":{"start":{"line":16,"column":14},"end":{"line":16,"column":57}},"7":{"start":{"line":18,"column":39},"end":{"line":18,"column":95}},"8":{"start":{"line":20,"column":10},"end":{"line":20,"column":36}},"9":{"start":{"line":22,"column":0},"end":{"line":22,"column":45}},"10":{"start":{"line":23,"column":0},"end":{"line":23,"column":39}},"11":{"start":{"line":24,"column":0},"end":{"line":24,"column":45}},"12":{"start":{"line":25,"column":0},"end":{"line":27,"column":3}},"13":{"start":{"line":26,"column":2},"end":{"line":26,"column":50}},"14":{"start":{"line":28,"column":0},"end":{"line":28,"column":39}},"15":{"start":{"line":29,"column":0},"end":{"line":29,"column":37}},"16":{"start":{"line":30,"column":15},"end":{"line":30,"column":18}},"17":{"start":{"line":31,"column":0},"end":{"line":31,"column":30}}},"fnMap":{"0":{"name":"_interopRequireDefault","decl":{"start":{"line":18,"column":9},"end":{"line":18,"column":31}},"loc":{"start":{"line":18,"column":37},"end":{"line":18,"column":97}},"line":18},"1":{"name":"(anonymous_1)","decl":{"start":{"line":25,"column":13},"end":{"line":25,"column":14}},"loc":{"start":{"line":25,"column":33},"end":{"line":27,"column":1}},"line":25}},"branchMap":{"0":{"loc":{"start":{"line":18,"column":46},"end":{"line":18,"column":94}},"type":"cond-expr","locations":[{"start":{"line":18,"column":70},"end":{"line":18,"column":73}},{"start":{"line":18,"column":76},"end":{"line":18,"column":94}}],"line":18},"1":{"loc":{"start":{"line":18,"column":46},"end":{"line":18,"column":67}},"type":"binary-expr","locations":[{"start":{"line":18,"column":46},"end":{"line":18,"column":49}},{"start":{"line":18,"column":53},"end":{"line":18,"column":67}}],"line":18},"2":{"loc":{"start":{"line":29,"column":11},"end":{"line":29,"column":35}},"type":"binary-expr","locations":[{"start":{"line":29,"column":11},"end":{"line":29,"column":27}},{"start":{"line":29,"column":31},"end":{"line":29,"column":35}}],"line":29}},"s":{"0":1,"1":1,"2":1,"3":1,"4":1,"5":1,"6":1,"7":5,"8":1,"9":1,"10":1,"11":1,"12":1,"13":1,"14":1,"15":1,"16":1,"17":1},"f":{"0":5,"1":1},"b":{"0":[1,4],"1":[5,5],"2":[1,1]},"_coverageSchema":"43e27e138ebf9cfc5966b082cf9a028302ed4184","hash":"fcdd41ed6fa6630eb10e5112d3bfdc2dd7c016d1","contentHash":"8f323ee05c5c712a78d3e94ba34879e650a4ae948bd2bb3220c46c366c0c9d5e"},"/Users/phebian/Personal/quick-credit/server/routes/index.js":{"path":"/Users/phebian/Personal/quick-credit/server/routes/index.js","statementMap":{"0":{"start":{"line":3,"column":0},"end":{"line":5,"column":3}},"1":{"start":{"line":6,"column":0},"end":{"line":6,"column":28}},"2":{"start":{"line":8,"column":15},"end":{"line":8,"column":33}},"3":{"start":{"line":10,"column":22},"end":{"line":10,"column":86}},"4":{"start":{"line":12,"column":22},"end":{"line":12,"column":86}},"5":{"start":{"line":14,"column":22},"end":{"line":14,"column":86}},"6":{"start":{"line":16,"column":39},"end":{"line":16,"column":95}},"7":{"start":{"line":18,"column":13},"end":{"line":18,"column":34}},"8":{"start":{"line":19,"column":0},"end":{"line":19,"column":58}},"9":{"start":{"line":20,"column":0},"end":{"line":20,"column":58}},"10":{"start":{"line":21,"column":0},"end":{"line":21,"column":62}},"11":{"start":{"line":22,"column":0},"end":{"line":22,"column":60}},"12":{"start":{"line":23,"column":0},"end":{"line":23,"column":63}},"13":{"start":{"line":24,"column":0},"end":{"line":24,"column":66}},"14":{"start":{"line":25,"column":0},"end":{"line":25,"column":84}},"15":{"start":{"line":26,"column":0},"end":{"line":26,"column":84}},"16":{"start":{"line":27,"column":0},"end":{"line":27,"column":76}},"17":{"start":{"line":28,"column":15},"end":{"line":28,"column":21}},"18":{"start":{"line":29,"column":0},"end":{"line":29,"column":30}}},"fnMap":{"0":{"name":"_interopRequireDefault","decl":{"start":{"line":16,"column":9},"end":{"line":16,"column":31}},"loc":{"start":{"line":16,"column":37},"end":{"line":16,"column":97}},"line":16}},"branchMap":{"0":{"loc":{"start":{"line":16,"column":46},"end":{"line":16,"column":94}},"type":"cond-expr","locations":[{"start":{"line":16,"column":70},"end":{"line":16,"column":73}},{"start":{"line":16,"column":76},"end":{"line":16,"column":94}}],"line":16},"1":{"loc":{"start":{"line":16,"column":46},"end":{"line":16,"column":67}},"type":"binary-expr","locations":[{"start":{"line":16,"column":46},"end":{"line":16,"column":49}},{"start":{"line":16,"column":53},"end":{"line":16,"column":67}}],"line":16}},"s":{"0":1,"1":1,"2":1,"3":1,"4":1,"5":1,"6":3,"7":1,"8":1,"9":1,"10":1,"11":1,"12":1,"13":1,"14":1,"15":1,"16":1,"17":1,"18":1},"f":{"0":3},"b":{"0":[3,0],"1":[3,3]},"_coverageSchema":"43e27e138ebf9cfc5966b082cf9a028302ed4184","hash":"d625d9ca258e30bcefd7c87a80b375911a352f4e","contentHash":"6cc7e96bcc3a905b85844e0266e7447bfec818031a475f59e9a59a4f64507aaa"},"/Users/phebian/Personal/quick-credit/server/controllers/authController.js":{"path":"/Users/phebian/Personal/quick-credit/server/controllers/authController.js","statementMap":{"0":{"start":{"line":3,"column":0},"end":{"line":5,"column":3}},"1":{"start":{"line":6,"column":0},"end":{"line":6,"column":28}},"2":{"start":{"line":8,"column":16},"end":{"line":8,"column":59}},"3":{"start":{"line":10,"column":17},"end":{"line":10,"column":75}},"4":{"start":{"line":12,"column":12},"end":{"line":12,"column":61}},"5":{"start":{"line":14,"column":39},"end":{"line":14,"column":95}},"6":{"start":{"line":16,"column":33},"end":{"line":16,"column":464}},"7":{"start":{"line":16,"column":46},"end":{"line":16,"column":47}},"8":{"start":{"line":16,"column":91},"end":{"line":16,"column":131}},"9":{"start":{"line":16,"column":147},"end":{"line":16,"column":166}},"10":{"start":{"line":16,"column":168},"end":{"line":16,"column":382}},"11":{"start":{"line":16,"column":226},"end":{"line":16,"column":380}},"12":{"start":{"line":16,"column":312},"end":{"line":16,"column":375}},"13":{"start":{"line":16,"column":383},"end":{"line":16,"column":462}},"14":{"start":{"line":16,"column":416},"end":{"line":16,"column":458}},"15":{"start":{"line":16,"column":465},"end":{"line":16,"column":479}},"16":{"start":{"line":18,"column":44},"end":{"line":18,"column":195}},"17":{"start":{"line":18,"column":62},"end":{"line":18,"column":166}},"18":{"start":{"line":18,"column":176},"end":{"line":18,"column":193}},"19":{"start":{"line":18,"column":196},"end":{"line":18,"column":207}},"20":{"start":{"line":20,"column":50},"end":{"line":20,"column":151}},"21":{"start":{"line":20,"column":92},"end":{"line":20,"column":149}},"22":{"start":{"line":22,"column":44},"end":{"line":22,"column":315}},"23":{"start":{"line":22,"column":57},"end":{"line":22,"column":58}},"24":{"start":{"line":22,"column":102},"end":{"line":22,"column":110}},"25":{"start":{"line":22,"column":112},"end":{"line":22,"column":167}},"26":{"start":{"line":22,"column":168},"end":{"line":22,"column":199}},"27":{"start":{"line":22,"column":200},"end":{"line":22,"column":254}},"28":{"start":{"line":22,"column":227},"end":{"line":22,"column":254}},"29":{"start":{"line":22,"column":255},"end":{"line":22,"column":313}},"30":{"start":{"line":24,"column":62},"end":{"line":24,"column":131}},"31":{"start":{"line":24,"column":78},"end":{"line":24,"column":131}},"32":{"start":{"line":24,"column":132},"end":{"line":24,"column":193}},"33":{"start":{"line":24,"column":149},"end":{"line":24,"column":193}},"34":{"start":{"line":24,"column":194},"end":{"line":24,"column":213}},"35":{"start":{"line":28,"column":0},"end":{"line":114,"column":3}},"36":{"start":{"line":30,"column":4},"end":{"line":30,"column":42}},"37":{"start":{"line":33,"column":2},"end":{"line":111,"column":6}},"38":{"start":{"line":36,"column":6},"end":{"line":36,"column":38}},"39":{"start":{"line":38,"column":27},"end":{"line":38,"column":49}},"40":{"start":{"line":40,"column":6},"end":{"line":50,"column":7}},"41":{"start":{"line":41,"column":8},"end":{"line":49,"column":11}},"42":{"start":{"line":44,"column":12},"end":{"line":47,"column":14}},"43":{"start":{"line":52,"column":17},"end":{"line":52,"column":25}},"44":{"start":{"line":53,"column":18},"end":{"line":53,"column":43}},"45":{"start":{"line":54,"column":20},"end":{"line":54,"column":25}},"46":{"start":{"line":55,"column":6},"end":{"line":55,"column":71}},"47":{"start":{"line":57,"column":17},"end":{"line":63,"column":8}},"48":{"start":{"line":65,"column":6},"end":{"line":65,"column":34}},"49":{"start":{"line":67,"column":6},"end":{"line":71,"column":9}},"50":{"start":{"line":76,"column":6},"end":{"line":76,"column":44}},"51":{"start":{"line":78,"column":27},"end":{"line":78,"column":49}},"52":{"start":{"line":80,"column":6},"end":{"line":90,"column":7}},"53":{"start":{"line":81,"column":8},"end":{"line":89,"column":11}},"54":{"start":{"line":84,"column":12},"end":{"line":87,"column":14}},"55":{"start":{"line":92,"column":18},"end":{"line":92,"column":32}},"56":{"start":{"line":94,"column":17},"end":{"line":96,"column":8}},"57":{"start":{"line":95,"column":8},"end":{"line":95,"column":37}},"58":{"start":{"line":98,"column":6},"end":{"line":104,"column":7}},"59":{"start":{"line":99,"column":8},"end":{"line":103,"column":11}},"60":{"start":{"line":106,"column":6},"end":{"line":109,"column":9}},"61":{"start":{"line":113,"column":2},"end":{"line":113,"column":24}},"62":{"start":{"line":116,"column":0},"end":{"line":116,"column":36}}},"fnMap":{"0":{"name":"_interopRequireDefault","decl":{"start":{"line":14,"column":9},"end":{"line":14,"column":31}},"loc":{"start":{"line":14,"column":37},"end":{"line":14,"column":97}},"line":14},"1":{"name":"_objectSpread","decl":{"start":{"line":16,"column":9},"end":{"line":16,"column":22}},"loc":{"start":{"line":16,"column":31},"end":{"line":16,"column":481}},"line":16},"2":{"name":"(anonymous_2)","decl":{"start":{"line":16,"column":295},"end":{"line":16,"column":296}},"loc":{"start":{"line":16,"column":310},"end":{"line":16,"column":377}},"line":16},"3":{"name":"(anonymous_3)","decl":{"start":{"line":16,"column":399},"end":{"line":16,"column":400}},"loc":{"start":{"line":16,"column":414},"end":{"line":16,"column":460}},"line":16},"4":{"name":"_defineProperty","decl":{"start":{"line":18,"column":9},"end":{"line":18,"column":24}},"loc":{"start":{"line":18,"column":42},"end":{"line":18,"column":209}},"line":18},"5":{"name":"_classCallCheck","decl":{"start":{"line":20,"column":9},"end":{"line":20,"column":24}},"loc":{"start":{"line":20,"column":48},"end":{"line":20,"column":153}},"line":20},"6":{"name":"_defineProperties","decl":{"start":{"line":22,"column":9},"end":{"line":22,"column":26}},"loc":{"start":{"line":22,"column":42},"end":{"line":22,"column":317}},"line":22},"7":{"name":"_createClass","decl":{"start":{"line":24,"column":9},"end":{"line":24,"column":21}},"loc":{"start":{"line":24,"column":60},"end":{"line":24,"column":215}},"line":24},"8":{"name":"(anonymous_8)","decl":{"start":{"line":28,"column":0},"end":{"line":28,"column":1}},"loc":{"start":{"line":28,"column":12},"end":{"line":114,"column":1}},"line":28},"9":{"name":"AuthController","decl":{"start":{"line":29,"column":11},"end":{"line":29,"column":25}},"loc":{"start":{"line":29,"column":28},"end":{"line":31,"column":3}},"line":29},"10":{"name":"signUp","decl":{"start":{"line":35,"column":20},"end":{"line":35,"column":26}},"loc":{"start":{"line":35,"column":37},"end":{"line":72,"column":5}},"line":35},"11":{"name":"(anonymous_11)","decl":{"start":{"line":43,"column":36},"end":{"line":43,"column":37}},"loc":{"start":{"line":43,"column":49},"end":{"line":48,"column":11}},"line":43},"12":{"name":"signIn","decl":{"start":{"line":75,"column":20},"end":{"line":75,"column":26}},"loc":{"start":{"line":75,"column":37},"end":{"line":110,"column":5}},"line":75},"13":{"name":"(anonymous_13)","decl":{"start":{"line":83,"column":36},"end":{"line":83,"column":37}},"loc":{"start":{"line":83,"column":49},"end":{"line":88,"column":11}},"line":83},"14":{"name":"(anonymous_14)","decl":{"start":{"line":94,"column":39},"end":{"line":94,"column":40}},"loc":{"start":{"line":94,"column":56},"end":{"line":96,"column":7}},"line":94}},"branchMap":{"0":{"loc":{"start":{"line":14,"column":46},"end":{"line":14,"column":94}},"type":"cond-expr","locations":[{"start":{"line":14,"column":70},"end":{"line":14,"column":73}},{"start":{"line":14,"column":76},"end":{"line":14,"column":94}}],"line":14},"1":{"loc":{"start":{"line":14,"column":46},"end":{"line":14,"column":67}},"type":"binary-expr","locations":[{"start":{"line":14,"column":46},"end":{"line":14,"column":49}},{"start":{"line":14,"column":53},"end":{"line":14,"column":67}}],"line":14},"2":{"loc":{"start":{"line":16,"column":91},"end":{"line":16,"column":131}},"type":"cond-expr","locations":[{"start":{"line":16,"column":114},"end":{"line":16,"column":126}},{"start":{"line":16,"column":129},"end":{"line":16,"column":131}}],"line":16},"3":{"loc":{"start":{"line":16,"column":168},"end":{"line":16,"column":382}},"type":"if","locations":[{"start":{"line":16,"column":168},"end":{"line":16,"column":382}},{"start":{"line":16,"column":168},"end":{"line":16,"column":382}}],"line":16},"4":{"loc":{"start":{"line":18,"column":44},"end":{"line":18,"column":195}},"type":"if","locations":[{"start":{"line":18,"column":44},"end":{"line":18,"column":195}},{"start":{"line":18,"column":44},"end":{"line":18,"column":195}}],"line":18},"5":{"loc":{"start":{"line":20,"column":50},"end":{"line":20,"column":151}},"type":"if","locations":[{"start":{"line":20,"column":50},"end":{"line":20,"column":151}},{"start":{"line":20,"column":50},"end":{"line":20,"column":151}}],"line":20},"6":{"loc":{"start":{"line":22,"column":136},"end":{"line":22,"column":166}},"type":"binary-expr","locations":[{"start":{"line":22,"column":136},"end":{"line":22,"column":157}},{"start":{"line":22,"column":161},"end":{"line":22,"column":166}}],"line":22},"7":{"loc":{"start":{"line":22,"column":200},"end":{"line":22,"column":254}},"type":"if","locations":[{"start":{"line":22,"column":200},"end":{"line":22,"column":254}},{"start":{"line":22,"column":200},"end":{"line":22,"column":254}}],"line":22},"8":{"loc":{"start":{"line":24,"column":62},"end":{"line":24,"column":131}},"type":"if","locations":[{"start":{"line":24,"column":62},"end":{"line":24,"column":131}},{"start":{"line":24,"column":62},"end":{"line":24,"column":131}}],"line":24},"9":{"loc":{"start":{"line":24,"column":132},"end":{"line":24,"column":193}},"type":"if","locations":[{"start":{"line":24,"column":132},"end":{"line":24,"column":193}},{"start":{"line":24,"column":132},"end":{"line":24,"column":193}}],"line":24},"10":{"loc":{"start":{"line":40,"column":6},"end":{"line":50,"column":7}},"type":"if","locations":[{"start":{"line":40,"column":6},"end":{"line":50,"column":7}},{"start":{"line":40,"column":6},"end":{"line":50,"column":7}}],"line":40},"11":{"loc":{"start":{"line":80,"column":6},"end":{"line":90,"column":7}},"type":"if","locations":[{"start":{"line":80,"column":6},"end":{"line":90,"column":7}},{"start":{"line":80,"column":6},"end":{"line":90,"column":7}}],"line":80},"12":{"loc":{"start":{"line":98,"column":6},"end":{"line":104,"column":7}},"type":"if","locations":[{"start":{"line":98,"column":6},"end":{"line":104,"column":7}},{"start":{"line":98,"column":6},"end":{"line":104,"column":7}}],"line":98}},"s":{"0":1,"1":1,"2":1,"3":1,"4":1,"5":3,"6":1,"7":1,"8":2,"9":2,"10":2,"11":2,"12":0,"13":2,"14":8,"15":1,"16":8,"17":0,"18":8,"19":8,"20":0,"21":0,"22":1,"23":1,"24":2,"25":2,"26":2,"27":2,"28":2,"29":2,"30":1,"31":0,"32":1,"33":1,"34":1,"35":1,"36":0,"37":1,"38":2,"39":2,"40":2,"41":1,"42":10,"43":1,"44":1,"45":1,"46":1,"47":1,"48":1,"49":1,"50":3,"51":3,"52":3,"53":1,"54":3,"55":2,"56":2,"57":7,"58":2,"59":1,"60":1,"61":1,"62":1},"f":{"0":3,"1":1,"2":0,"3":8,"4":8,"5":0,"6":1,"7":1,"8":1,"9":0,"10":2,"11":10,"12":3,"13":3,"14":7},"b":{"0":[2,1],"1":[3,3],"2":[2,0],"3":[2,0],"4":[0,8],"5":[0,0],"6":[2,2],"7":[2,0],"8":[0,1],"9":[1,0],"10":[1,1],"11":[1,2],"12":[1,1]},"_coverageSchema":"43e27e138ebf9cfc5966b082cf9a028302ed4184","hash":"11c7c06a2501411c4754ce9141d2bdd0c40fe266","contentHash":"8a4d81081fde47b2ea0e54b22549ca5e0541682c3189660d6738bf895b3a1ea0"},"/Users/phebian/Personal/quick-credit/server/validation/validator.js":{"path":"/Users/phebian/Personal/quick-credit/server/validation/validator.js","statementMap":{"0":{"start":{"line":3,"column":0},"end":{"line":5,"column":3}},"1":{"start":{"line":6,"column":0},"end":{"line":6,"column":28}},"2":{"start":{"line":8,"column":50},"end":{"line":8,"column":151}},"3":{"start":{"line":8,"column":92},"end":{"line":8,"column":149}},"4":{"start":{"line":10,"column":44},"end":{"line":10,"column":315}},"5":{"start":{"line":10,"column":57},"end":{"line":10,"column":58}},"6":{"start":{"line":10,"column":102},"end":{"line":10,"column":110}},"7":{"start":{"line":10,"column":112},"end":{"line":10,"column":167}},"8":{"start":{"line":10,"column":168},"end":{"line":10,"column":199}},"9":{"start":{"line":10,"column":200},"end":{"line":10,"column":254}},"10":{"start":{"line":10,"column":227},"end":{"line":10,"column":254}},"11":{"start":{"line":10,"column":255},"end":{"line":10,"column":313}},"12":{"start":{"line":12,"column":62},"end":{"line":12,"column":131}},"13":{"start":{"line":12,"column":78},"end":{"line":12,"column":131}},"14":{"start":{"line":12,"column":132},"end":{"line":12,"column":193}},"15":{"start":{"line":12,"column":149},"end":{"line":12,"column":193}},"16":{"start":{"line":12,"column":194},"end":{"line":12,"column":213}},"17":{"start":{"line":16,"column":0},"end":{"line":68,"column":3}},"18":{"start":{"line":18,"column":4},"end":{"line":18,"column":37}},"19":{"start":{"line":21,"column":2},"end":{"line":65,"column":6}},"20":{"start":{"line":24,"column":6},"end":{"line":24,"column":70}},"21":{"start":{"line":25,"column":6},"end":{"line":25,"column":75}},"22":{"start":{"line":26,"column":6},"end":{"line":26,"column":68}},"23":{"start":{"line":27,"column":6},"end":{"line":27,"column":73}},"24":{"start":{"line":28,"column":6},"end":{"line":28,"column":77}},"25":{"start":{"line":29,"column":6},"end":{"line":29,"column":67}},"26":{"start":{"line":30,"column":6},"end":{"line":30,"column":65}},"27":{"start":{"line":31,"column":6},"end":{"line":31,"column":57}},"28":{"start":{"line":32,"column":6},"end":{"line":35,"column":9}},"29":{"start":{"line":40,"column":6},"end":{"line":40,"column":77}},"30":{"start":{"line":41,"column":6},"end":{"line":41,"column":67}},"31":{"start":{"line":46,"column":6},"end":{"line":46,"column":63}},"32":{"start":{"line":47,"column":6},"end":{"line":47,"column":61}},"33":{"start":{"line":48,"column":6},"end":{"line":48,"column":64}},"34":{"start":{"line":49,"column":6},"end":{"line":49,"column":65}},"35":{"start":{"line":54,"column":6},"end":{"line":54,"column":78}},"36":{"start":{"line":59,"column":23},"end":{"line":59,"column":32}},"37":{"start":{"line":60,"column":19},"end":{"line":60,"column":36}},"38":{"start":{"line":61,"column":19},"end":{"line":61,"column":36}},"39":{"start":{"line":62,"column":6},"end":{"line":62,"column":80}},"40":{"start":{"line":62,"column":18},"end":{"line":62,"column":80}},"41":{"start":{"line":63,"column":6},"end":{"line":63,"column":62}},"42":{"start":{"line":63,"column":18},"end":{"line":63,"column":62}},"43":{"start":{"line":67,"column":2},"end":{"line":67,"column":19}},"44":{"start":{"line":70,"column":0},"end":{"line":70,"column":31}}},"fnMap":{"0":{"name":"_classCallCheck","decl":{"start":{"line":8,"column":9},"end":{"line":8,"column":24}},"loc":{"start":{"line":8,"column":48},"end":{"line":8,"column":153}},"line":8},"1":{"name":"_defineProperties","decl":{"start":{"line":10,"column":9},"end":{"line":10,"column":26}},"loc":{"start":{"line":10,"column":42},"end":{"line":10,"column":317}},"line":10},"2":{"name":"_createClass","decl":{"start":{"line":12,"column":9},"end":{"line":12,"column":21}},"loc":{"start":{"line":12,"column":60},"end":{"line":12,"column":215}},"line":12},"3":{"name":"(anonymous_3)","decl":{"start":{"line":16,"column":0},"end":{"line":16,"column":1}},"loc":{"start":{"line":16,"column":12},"end":{"line":68,"column":1}},"line":16},"4":{"name":"Validator","decl":{"start":{"line":17,"column":11},"end":{"line":17,"column":20}},"loc":{"start":{"line":17,"column":23},"end":{"line":19,"column":3}},"line":17},"5":{"name":"user","decl":{"start":{"line":23,"column":20},"end":{"line":23,"column":24}},"loc":{"start":{"line":23,"column":30},"end":{"line":36,"column":5}},"line":23},"6":{"name":"userSignIn","decl":{"start":{"line":39,"column":20},"end":{"line":39,"column":30}},"loc":{"start":{"line":39,"column":36},"end":{"line":42,"column":5}},"line":39},"7":{"name":"requestLoan","decl":{"start":{"line":45,"column":20},"end":{"line":45,"column":31}},"loc":{"start":{"line":45,"column":37},"end":{"line":50,"column":5}},"line":45},"8":{"name":"verifyUser","decl":{"start":{"line":53,"column":20},"end":{"line":53,"column":30}},"loc":{"start":{"line":53,"column":36},"end":{"line":55,"column":5}},"line":53},"9":{"name":"filterLoan","decl":{"start":{"line":58,"column":20},"end":{"line":58,"column":30}},"loc":{"start":{"line":58,"column":36},"end":{"line":64,"column":5}},"line":58}},"branchMap":{"0":{"loc":{"start":{"line":8,"column":50},"end":{"line":8,"column":151}},"type":"if","locations":[{"start":{"line":8,"column":50},"end":{"line":8,"column":151}},{"start":{"line":8,"column":50},"end":{"line":8,"column":151}}],"line":8},"1":{"loc":{"start":{"line":10,"column":136},"end":{"line":10,"column":166}},"type":"binary-expr","locations":[{"start":{"line":10,"column":136},"end":{"line":10,"column":157}},{"start":{"line":10,"column":161},"end":{"line":10,"column":166}}],"line":10},"2":{"loc":{"start":{"line":10,"column":200},"end":{"line":10,"column":254}},"type":"if","locations":[{"start":{"line":10,"column":200},"end":{"line":10,"column":254}},{"start":{"line":10,"column":200},"end":{"line":10,"column":254}}],"line":10},"3":{"loc":{"start":{"line":12,"column":62},"end":{"line":12,"column":131}},"type":"if","locations":[{"start":{"line":12,"column":62},"end":{"line":12,"column":131}},{"start":{"line":12,"column":62},"end":{"line":12,"column":131}}],"line":12},"4":{"loc":{"start":{"line":12,"column":132},"end":{"line":12,"column":193}},"type":"if","locations":[{"start":{"line":12,"column":132},"end":{"line":12,"column":193}},{"start":{"line":12,"column":132},"end":{"line":12,"column":193}}],"line":12},"5":{"loc":{"start":{"line":62,"column":6},"end":{"line":62,"column":80}},"type":"if","locations":[{"start":{"line":62,"column":6},"end":{"line":62,"column":80}},{"start":{"line":62,"column":6},"end":{"line":62,"column":80}}],"line":62},"6":{"loc":{"start":{"line":63,"column":6},"end":{"line":63,"column":62}},"type":"if","locations":[{"start":{"line":63,"column":6},"end":{"line":63,"column":62}},{"start":{"line":63,"column":6},"end":{"line":63,"column":62}}],"line":63}},"s":{"0":1,"1":1,"2":0,"3":0,"4":1,"5":1,"6":5,"7":5,"8":5,"9":5,"10":5,"11":5,"12":1,"13":0,"14":1,"15":1,"16":1,"17":1,"18":0,"19":1,"20":2,"21":2,"22":2,"23":2,"24":2,"25":2,"26":2,"27":2,"28":2,"29":3,"30":3,"31":3,"32":3,"33":3,"34":3,"35":3,"36":4,"37":4,"38":4,"39":4,"40":3,"41":4,"42":1,"43":1,"44":1},"f":{"0":0,"1":1,"2":1,"3":1,"4":0,"5":2,"6":3,"7":3,"8":3,"9":4},"b":{"0":[0,0],"1":[5,5],"2":[5,0],"3":[0,1],"4":[1,0],"5":[3,1],"6":[1,3]},"_coverageSchema":"43e27e138ebf9cfc5966b082cf9a028302e
[...]
nd":{"line":256,"column":67}},"120":{"start":{"line":258,"column":6},"end":{"line":261,"column":9}},"121":{"start":{"line":265,"column":2},"end":{"line":265,"column":24}},"122":{"start":{"line":268,"column":0},"end":{"line":268,"column":36}}},"fnMap":{"0":{"name":"_interopRequireDefault","decl":{"start":{"line":16,"column":9},"end":{"line":16,"column":31}},"loc":{"start":{"line":16,"column":37},"end":{"line":16,"column":97}},"line":16},"1":{"name":"_objectSpread","decl":{"start":{"line":18,"column":9},"end":{"line":18,"column":22}},"loc":{"start":{"line":18,"column":31},"end":{"line":18,"column":481}},"line":18},"2":{"name":"(anonymous_2)","decl":{"start":{"line":18,"column":295},"end":{"line":18,"column":296}},"loc":{"start":{"line":18,"column":310},"end":{"line":18,"column":377}},"line":18},"3":{"name":"(anonymous_3)","decl":{"start":{"line":18,"column":399},"end":{"line":18,"column":400}},"loc":{"start":{"line":18,"column":414},"end":{"line":18,"column":460}},"line":18},"4":{"name":"_defineProperty","decl":{"start":{"line":20,"column":9},"end":{"line":20,"column":24}},"loc":{"start":{"line":20,"column":42},"end":{"line":20,"column":209}},"line":20},"5":{"name":"_classCallCheck","decl":{"start":{"line":22,"column":9},"end":{"line":22,"column":24}},"loc":{"start":{"line":22,"column":48},"end":{"line":22,"column":153}},"line":22},"6":{"name":"_defineProperties","decl":{"start":{"line":24,"column":9},"end":{"line":24,"column":26}},"loc":{"start":{"line":24,"column":42},"end":{"line":24,"column":317}},"line":24},"7":{"name":"_createClass","decl":{"start":{"line":26,"column":9},"end":{"line":26,"column":21}},"loc":{"start":{"line":26,"column":60},"end":{"line":26,"column":215}},"line":26},"8":{"name":"(anonymous_8)","decl":{"start":{"line":30,"column":0},"end":{"line":30,"column":1}},"loc":{"start":{"line":30,"column":12},"end":{"line":266,"column":1}},"line":30},"9":{"name":"LoanController","decl":{"start":{"line":31,"column":11},"end":{"line":31,"column":25}},"loc":{"start":{"line":31,"column":28},"end":{"line":33,"column":3}},"line":31},"10":{"name":"requestLoan","decl":{"start":{"line":37,"column":20},"end":{"line":37,"column":31}},"loc":{"start":{"line":37,"column":42},"end":{"line":108,"column":5}},"line":37},"11":{"name":"(anonymous_11)","decl":{"start":{"line":45,"column":36},"end":{"line":45,"column":37}},"loc":{"start":{"line":45,"column":49},"end":{"line":50,"column":11}},"line":45},"12":{"name":"(anonymous_12)","decl":{"start":{"line":81,"column":39},"end":{"line":81,"column":40}},"loc":{"start":{"line":81,"column":56},"end":{"line":83,"column":7}},"line":81},"13":{"name":"fetchLoans","decl":{"start":{"line":111,"column":20},"end":{"line":111,"column":30}},"loc":{"start":{"line":111,"column":41},"end":{"line":145,"column":5}},"line":111},"14":{"name":"(anonymous_14)","decl":{"start":{"line":130,"column":45},"end":{"line":130,"column":46}},"loc":{"start":{"line":130,"column":61},"end":{"line":132,"column":9}},"line":130},"15":{"name":"(anonymous_15)","decl":{"start":{"line":136,"column":45},"end":{"line":136,"column":46}},"loc":{"start":{"line":136,"column":61},"end":{"line":138,"column":9}},"line":136},"16":{"name":"fetchLoan","decl":{"start":{"line":148,"column":20},"end":{"line":148,"column":29}},"loc":{"start":{"line":148,"column":40},"end":{"line":168,"column":5}},"line":148},"17":{"name":"finder","decl":{"start":{"line":151,"column":28},"end":{"line":151,"column":34}},"loc":{"start":{"line":151,"column":42},"end":{"line":153,"column":7}},"line":151},"18":{"name":"updateLoan","decl":{"start":{"line":171,"column":20},"end":{"line":171,"column":30}},"loc":{"start":{"line":171,"column":41},"end":{"line":201,"column":5}},"line":171},"19":{"name":"finder","decl":{"start":{"line":175,"column":28},"end":{"line":175,"column":34}},"loc":{"start":{"line":175,"column":42},"end":{"line":177,"column":7}},"line":175},"20":{"name":"updateRepayment","decl":{"start":{"line":204,"column":20},"end":{"line":204,"column":35}},"loc":{"start":{"line":204,"column":46},"end":{"line":246,"column":5}},"line":204},"21":{"name":"finder","decl":{"start":{"line":207,"column":28},"end":{"line":207,"column":34}},"loc":{"start":{"line":207,"column":42},"end":{"line":209,"column":7}},"line":207},"22":{"name":"fetchRepayments","decl":{"start":{"line":249,"column":20},"end":{"line":249,"column":35}},"loc":{"start":{"line":249,"column":46},"end":{"line":262,"column":5}},"line":249},"23":{"name":"finder","decl":{"start":{"line":252,"column":28},"end":{"line":252,"column":34}},"loc":{"start":{"line":252,"column":42},"end":{"line":254,"column":7}},"line":252}},"branchMap":{"0":{"loc":{"start":{"line":16,"column":46},"end":{"line":16,"column":94}},"type":"cond-expr","locations":[{"start":{"line":16,"column":70},"end":{"line":16,"column":73}},{"start":{"line":16,"column":76},"end":{"line":16,"column":94}}],"line":16},"1":{"loc":{"start":{"line":16,"column":46},"end":{"line":16,"column":67}},"type":"binary-expr","locations":[{"start":{"line":16,"column":46},"end":{"line":16,"column":49}},{"start":{"line":16,"column":53},"end":{"line":16,"column":67}}],"line":16},"2":{"loc":{"start":{"line":18,"column":91},"end":{"line":18,"column":131}},"type":"cond-expr","locations":[{"start":{"line":18,"column":114},"end":{"line":18,"column":126}},{"start":{"line":18,"column":129},"end":{"line":18,"column":131}}],"line":18},"3":{"loc":{"start":{"line":18,"column":168},"end":{"line":18,"column":382}},"type":"if","locations":[{"start":{"line":18,"column":168},"end":{"line":18,"column":382}},{"start":{"line":18,"column":168},"end":{"line":18,"column":382}}],"line":18},"4":{"loc":{"start":{"line":20,"column":44},"end":{"line":20,"column":195}},"type":"if","locations":[{"start":{"line":20,"column":44},"end":{"line":20,"column":195}},{"start":{"line":20,"column":44},"end":{"line":20,"column":195}}],"line":20},"5":{"loc":{"start":{"line":22,"column":50},"end":{"line":22,"column":151}},"type":"if","locations":[{"start":{"line":22,"column":50},"end":{"line":22,"column":151}},{"start":{"line":22,"column":50},"end":{"line":22,"column":151}}],"line":22},"6":{"loc":{"start":{"line":24,"column":136},"end":{"line":24,"column":166}},"type":"binary-expr","locations":[{"start":{"line":24,"column":136},"end":{"line":24,"column":157}},{"start":{"line":24,"column":161},"end":{"line":24,"column":166}}],"line":24},"7":{"loc":{"start":{"line":24,"column":200},"end":{"line":24,"column":254}},"type":"if","locations":[{"start":{"line":24,"column":200},"end":{"line":24,"column":254}},{"start":{"line":24,"column":200},"end":{"line":24,"column":254}}],"line":24},"8":{"loc":{"start":{"line":26,"column":62},"end":{"line":26,"column":131}},"type":"if","locations":[{"start":{"line":26,"column":62},"end":{"line":26,"column":131}},{"start":{"line":26,"column":62},"end":{"line":26,"column":131}}],"line":26},"9":{"loc":{"start":{"line":26,"column":132},"end":{"line":26,"column":193}},"type":"if","locations":[{"start":{"line":26,"column":132},"end":{"line":26,"column":193}},{"start":{"line":26,"column":132},"end":{"line":26,"column":193}}],"line":26},"10":{"loc":{"start":{"line":42,"column":6},"end":{"line":52,"column":7}},"type":"if","locations":[{"start":{"line":42,"column":6},"end":{"line":52,"column":7}},{"start":{"line":42,"column":6},"end":{"line":52,"column":7}}],"line":42},"11":{"loc":{"start":{"line":85,"column":6},"end":{"line":102,"column":7}},"type":"if","locations":[{"start":{"line":85,"column":6},"end":{"line":102,"column":7}},{"start":{"line":85,"column":6},"end":{"line":102,"column":7}}],"line":85},"12":{"loc":{"start":{"line":120,"column":6},"end":{"line":125,"column":7}},"type":"if","locations":[{"start":{"line":120,"column":6},"end":{"line":125,"column":7}},{"start":{"line":120,"column":6},"end":{"line":125,"column":7}}],"line":120},"13":{"loc":{"start":{"line":129,"column":6},"end":{"line":133,"column":7}},"type":"if","locations":[{"start":{"line":129,"column":6},"end":{"line":133,"column":7}},{"start":{"line":129,"column":6},"end":{"line":133,"column":7}}],"line":129},"14":{"loc":{"start":{"line":129,"column":10},"end":{"line":129,"column":72}},"type":"binary-expr","locations":[{"start":{"line":129,"column":10},"end":{"line":129,"column":16}},{"start":{"line":129,"column":20},"end":{"line":129,"column":72}}],"line":129},"15":{"loc":{"start":{"line":135,"column":6},"end":{"line":139,"column":7}},"type":"if","locations":[{"start":{"line":135,"column":6},"end":{"line":139,"column":7}},{"start":{"line":135,"column":6},"end":{"line":139,"column":7}}],"line":135},"16":{"loc":{"start":{"line":135,"column":10},"end":{"line":135,"column":54}},"type":"binary-expr","locations":[{"start":{"line":135,"column":10},"end":{"line":135,"column":16}},{"start":{"line":135,"column":20},"end":{"line":135,"column":54}}],"line":135},"17":{"loc":{"start":{"line":157,"column":6},"end":{"line":162,"column":7}},"type":"if","locations":[{"start":{"line":157,"column":6},"end":{"line":162,"column":7}},{"start":{"line":157,"column":6},"end":{"line":162,"column":7}}],"line":157},"18":{"loc":{"start":{"line":181,"column":6},"end":{"line":195,"column":7}},"type":"if","locations":[{"start":{"line":181,"column":6},"end":{"line":195,"column":7}},{"start":{"line":181,"column":6},"end":{"line":195,"column":7}}],"line":181},"19":{"loc":{"start":{"line":182,"column":8},"end":{"line":189,"column":9}},"type":"if","locations":[{"start":{"line":182,"column":8},"end":{"line":189,"column":9}},{"start":{"line":182,"column":8},"end":{"line":189,"column":9}}],"line":182},"20":{"loc":{"start":{"line":213,"column":6},"end":{"line":218,"column":7}},"type":"if","locations":[{"start":{"line":213,"column":6},"end":{"line":218,"column":7}},{"start":{"line":213,"column":6},"end":{"line":218,"column":7}}],"line":213}},"s":{"0":1,"1":1,"2":1,"3":1,"4":1,"5":1,"6":4,"7":2,"8":2,"9":3,"10":3,"11":3,"12":3,"13":0,"14":3,"15":26,"16":2,"17":26,"18":1,"19":25,"20":26,"21":0,"22":0,"23":1,"24":1,"25":6,"26":6,"27":6,"28":6,"29":6,"30":6,"31":1,"32":0,"33":1,"34":1,"35":1,"36":1,"37":0,"38":1,"39":3,"40":3,"41":3,"42":1,"43":4,"44":2,"45":2,"46":2,"47":2,"48":2,"49":2,"50":2,"51":2,"52":2,"53":2,"54":2,"55":2,"56":2,"57":2,"58":7,"59":2,"60":1,"61":1,"62":1,"63":1,"64":1,"65":1,"66":4,"67":4,"68":4,"69":4,"70":4,"71":4,"72":3,"73":1,"74":1,"75":0,"76":0,"77":1,"78":0,"79":0,"80":1,"81":2,"82":2,"83":5,"84":2,"85":2,"86":1,"87":1,"88":3,"89":3,"90":3,"91":7,"92":3,"93":3,"94":2,"95":1,"96":1,"97":1,"98":3,"99":3,"100":6,"101":3,"102":3,"103":1,"104":2,"105":2,"106":2,"107":2,"108":2,"109":2,"110":2,"111":2,"112":2,"113":2,"114":2,"115":2,"116":1,"117":1,"118":1,"119":1,"120":1,"121":1,"122":1},"f":{"0":4,"1":2,"2":0,"3":26,"4":26,"5":0,"6":1,"7":1,"8":1,"9":0,"10":3,"11":4,"12":7,"13":4,"14":0,"15":0,"16":2,"17":5,"18":3,"19":7,"20":3,"21":6,"22":1,"23":1},"b":{"0":[4,0],"1":[4,4],"2":[3,0],"3":[3,0],"4":[1,25],"5":[0,0],"6":[6,6],"7":[6,0],"8":[0,1],"9":[1,0],"10":[1,2],"11":[1,1],"12":[3,1],"13":[0,1],"14":[1,0],"15":[0,1],"16":[1,0],"17":[1,1],"18":[2,1],"19":[1,1],"20":[1,2]},"_coverageSchema":"43e27e138ebf9cfc5966b082cf9a028302ed4184","hash":"fcfcb0b6254547a2e624a9929646cda85c86f273","contentHash":"d3201b55f6245b16d4cdacfb40f7b3b2b7f1be4f472ba0d33c746cebae05331a"},"/Users/phebian/Personal/quick-credit/server/memory/loans.js":{"path":"/Users/phebian/Personal/quick-credit/server/memory/loans.js","statementMap":{"0":{"start":{"line":3,"column":0},"end":{"line":5,"column":3}},"1":{"start":{"line":6,"column":0},"end":{"line":6,"column":28}},"2":{"start":{"line":7,"column":15},"end":{"line":37,"column":2}},"3":{"start":{"line":38,"column":0},"end":{"line":38,"column":30}}},"fnMap":{},"branchMap":{},"s":{"0":1,"1":1,"2":1,"3":1},"f":{},"b":{},"_coverageSchema":"43e27e138ebf9cfc5966b082cf9a028302ed4184","hash":"49d5f63a866590d414a17d943e27b7f275b2fc0b","contentHash":"640b60e3929d3a34995f183b02ddd5991c61ccb1c2f4c77134528ff8dbed9971"},"/Users/phebian/Personal/quick-credit/server/memory/repayments.js":{"path":"/Users/phebian/Personal/quick-credit/server/memory/repayments.js","statementMap":{"0":{"start":{"line":3,"column":0},"end":{"line":5,"column":3}},"1":{"start":{"line":6,"column":0},"end":{"line":6,"column":28}},"2":{"start":{"line":7,"column":15},"end":{"line":16,"column":2}},"3":{"start":{"line":17,"column":0},"end":{"line":17,"column":30}}},"fnMap":{},"branchMap":{},"s":{"0":1,"1":1,"2":1,"3":1},"f":{},"b":{},"_coverageSchema":"43e27e138ebf9cfc5966b082cf9a028302ed4184","hash":"4227fcead74e9e99de21f9311aa8aaf77bef1dc2","contentHash":"3ffe3ae728439fce83ca018c7b01c5e8434a9ca0a4b938da09c4d9faf8d23c74"},"/Users/phebian/Personal/quick-credit/server/controllers/userController.js":{"path":"/Users/phebian/Personal/quick-credit/server/controllers/userController.js","statementMap":{"0":{"start":{"line":3,"column":0},"end":{"line":5,"column":3}},"1":{"start":{"line":6,"column":0},"end":{"line":6,"column":28}},"2":{"start":{"line":8,"column":12},"end":{"line":8,"column":61}},"3":{"start":{"line":10,"column":17},"end":{"line":10,"column":75}},"4":{"start":{"line":12,"column":39},"end":{"line":12,"column":95}},"5":{"start":{"line":14,"column":50},"end":{"line":14,"column":151}},"6":{"start":{"line":14,"column":92},"end":{"line":14,"column":149}},"7":{"start":{"line":16,"column":44},"end":{"line":16,"column":315}},"8":{"start":{"line":16,"column":57},"end":{"line":16,"column":58}},"9":{"start":{"line":16,"column":102},"end":{"line":16,"column":110}},"10":{"start":{"line":16,"column":112},"end":{"line":16,"column":167}},"11":{"start":{"line":16,"column":168},"end":{"line":16,"column":199}},"12":{"start":{"line":16,"column":200},"end":{"line":16,"column":254}},"13":{"start":{"line":16,"column":227},"end":{"line":16,"column":254}},"14":{"start":{"line":16,"column":255},"end":{"line":16,"column":313}},"15":{"start":{"line":18,"column":62},"end":{"line":18,"column":131}},"16":{"start":{"line":18,"column":78},"end":{"line":18,"column":131}},"17":{"start":{"line":18,"column":132},"end":{"line":18,"column":193}},"18":{"start":{"line":18,"column":149},"end":{"line":18,"column":193}},"19":{"start":{"line":18,"column":194},"end":{"line":18,"column":213}},"20":{"start":{"line":22,"column":0},"end":{"line":75,"column":3}},"21":{"start":{"line":24,"column":4},"end":{"line":24,"column":42}},"22":{"start":{"line":27,"column":2},"end":{"line":72,"column":6}},"23":{"start":{"line":30,"column":6},"end":{"line":30,"column":44}},"24":{"start":{"line":32,"column":27},"end":{"line":32,"column":49}},"25":{"start":{"line":34,"column":6},"end":{"line":44,"column":7}},"26":{"start":{"line":35,"column":8},"end":{"line":43,"column":11}},"27":{"start":{"line":38,"column":12},"end":{"line":41,"column":14}},"28":{"start":{"line":46,"column":18},"end":{"line":46,"column":34}},"29":{"start":{"line":48,"column":19},"end":{"line":50,"column":7}},"30":{"start":{"line":49,"column":8},"end":{"line":49,"column":37}},"31":{"start":{"line":52,"column":17},"end":{"line":52,"column":46}},"32":{"start":{"line":54,"column":6},"end":{"line":65,"column":7}},"33":{"start":{"line":55,"column":8},"end":{"line":55,"column":33}},"34":{"start":{"line":57,"column":20},"end":{"line":57,"column":54}},"35":{"start":{"line":59,"column":8},"end":{"line":59,"column":39}},"36":{"start":{"line":60,"column":8},"end":{"line":64,"column":11}},"37":{"start":{"line":67,"column":6},"end":{"line":70,"column":9}},"38":{"start":{"line":74,"column":2},"end":{"line":74,"column":24}},"39":{"start":{"line":77,"column":0},"end":{"line":77,"column":36}}},"fnMap":{"0":{"name":"_interopRequireDefault","decl":{"start":{"line":12,"column":9},"end":{"line":12,"column":31}},"loc":{"start":{"line":12,"column":37},"end":{"line":12,"column":97}},"line":12},"1":{"name":"_classCallCheck","decl":{"start":{"line":14,"column":9},"end":{"line":14,"column":24}},"loc":{"start":{"line":14,"column":48},"end":{"line":14,"column":153}},"line":14},"2":{"name":"_defineProperties","decl":{"start":{"line":16,"column":9},"end":{"line":16,"column":26}},"loc":{"start":{"line":16,"column":42},"end":{"line":16,"column":317}},"line":16},"3":{"name":"_createClass","decl":{"start":{"line":18,"column":9},"end":{"line":18,"column":21}},"loc":{"start":{"line":18,"column":60},"end":{"line":18,"column":215}},"line":18},"4":{"name":"(anonymous_4)","decl":{"start":{"line":22,"column":0},"end":{"line":22,"column":1}},"loc":{"start":{"line":22,"column":12},"end":{"line":75,"column":1}},"line":22},"5":{"name":"UserController","decl":{"start":{"line":23,"column":11},"end":{"line":23,"column":25}},"loc":{"start":{"line":23,"column":28},"end":{"line":25,"column":3}},"line":23},"6":{"name":"verifyUser","decl":{"start":{"line":29,"column":20},"end":{"line":29,"column":30}},"loc":{"start":{"line":29,"column":41},"end":{"line":71,"column":5}},"line":29},"7":{"name":"(anonymous_7)","decl":{"start":{"line":37,"column":36},"end":{"line":37,"column":37}},"loc":{"start":{"line":37,"column":49},"end":{"line":42,"column":11}},"line":37},"8":{"name":"finder","decl":{"start":{"line":48,"column":28},"end":{"line":48,"column":34}},"loc":{"start":{"line":48,"column":42},"end":{"line":50,"column":7}},"line":48}},"branchMap":{"0":{"loc":{"start":{"line":12,"column":46},"end":{"line":12,"column":94}},"type":"cond-expr","locations":[{"start":{"line":12,"column":70},"end":{"line":12,"column":73}},{"start":{"line":12,"column":76},"end":{"line":12,"column":94}}],"line":12},"1":{"loc":{"start":{"line":12,"column":46},"end":{"line":12,"column":67}},"type":"binary-expr","locations":[{"start":{"line":12,"column":46},"end":{"line":12,"column":49}},{"start":{"line":12,"column":53},"end":{"line":12,"column":67}}],"line":12},"2":{"loc":{"start":{"line":14,"column":50},"end":{"line":14,"column":151}},"type":"if","locations":[{"start":{"line":14,"column":50},"end":{"line":14,"column":151}},{"start":{"line":14,"column":50},"end":{"line":14,"column":151}}],"line":14},"3":{"loc":{"start":{"line":16,"column":136},"end":{"line":16,"column":166}},"type":"binary-expr","locations":[{"start":{"line":16,"column":136},"end":{"line":16,"column":157}},{"start":{"line":16,"column":161},"end":{"line":16,"column":166}}],"line":16},"4":{"loc":{"start":{"line":16,"column":200},"end":{"line":16,"column":254}},"type":"if","locations":[{"start":{"line":16,"column":200},"end":{"line":16,"column":254}},{"start":{"line":16,"column":200},"end":{"line":16,"column":254}}],"line":16},"5":{"loc":{"start":{"line":18,"column":62},"end":{"line":18,"column":131}},"type":"if","locations":[{"start":{"line":18,"column":62},"end":{"line":18,"column":131}},{"start":{"line":18,"column":62},"end":{"line":18,"column":131}}],"line":18},"6":{"loc":{"start":{"line":18,"column":132},"end":{"line":18,"column":193}},"type":"if","locations":[{"start":{"line":18,"column":132},"end":{"line":18,"column":193}},{"start":{"line":18,"column":132},"end":{"line":18,"column":193}}],"line":18},"7":{"loc":{"start":{"line":34,"column":6},"end":{"line":44,"column":7}},"type":"if","locations":[{"start":{"line":34,"column":6},"end":{"line":44,"column":7}},{"start":{"line":34,"column":6},"end":{"line":44,"column":7}}],"line":34},"8":{"loc":{"start":{"line":54,"column":6},"end":{"line":65,"column":7}},"type":"if","locations":[{"start":{"line":54,"column":6},"end":{"line":65,"column":7}},{"start":{"line":54,"column":6},"end":{"line":65,"column":7}}],"line":54}},"s":{"0":1,"1":1,"2":1,"3":1,"4":2,"5":0,"6":0,"7":1,"8":1,"9":1,"10":1,"11":1,"12":1,"13":1,"14":1,"15":1,"16":0,"17":1,"18":1,"19":1,"20":1,"21":0,"22":1,"23":3,"24":3,"25":3,"26":1,"27":1,"28":2,"29":2,"30":10,"31":2,"32":2,"33":1,"34":1,"35":1,"36":1,"37":1,"38":1,"39":1},"f":{"0":2,"1":0,"2":1,"3":1,"4":1,"5":0,"6":3,"7":1,"8":10},"b":{"0":[2,0],"1":[2,2],"2":[0,0],"3":[1,1],"4":[1,0],"5":[0,1],"6":[1,0],"7":[1,2],"8":[1,1]},"_coverageSchema":"43e27e138ebf9cfc5966b082cf9a028302ed4184","hash":"58ab7a4562980b87d702074dd85ac3c333d8bf01","contentHash":"efdd00710f9e61bdada43d777f90510686e09aa74c52cdfa3f45e7f941bf9a62"}}